#
# A fatal error has been detected by the Java Runtime Environment:
#
#  EXCEPTION_ACCESS_VIOLATION (0xc0000005) at pc=0x00007ff91ffd4aae, pid=6084, tid=30212
#
# JRE version: OpenJDK Runtime Environment (11.0.13) (build 11.0.13+0-b1751.21-8125866)
# Java VM: OpenJDK 64-Bit Server VM (11.0.13+0-b1751.21-8125866, mixed mode, tiered, compressed oops, g1 gc, windows-amd64)
# Problematic frame:
# V  [jvm.dll+0x334aae]
#
# No core dump will be written. Minidumps are not enabled by default on client versions of Windows
#
# If you would like to submit a bug report, please visit:
#   https://bugreport.java.com/bugreport/crash.jsp
#

---------------  S U M M A R Y ------------

Command Line: --add-opens=java.base/java.util=ALL-UNNAMED --add-opens=java.base/java.lang=ALL-UNNAMED --add-opens=java.base/java.lang.invoke=ALL-UNNAMED --add-opens=java.base/java.util=ALL-UNNAMED --add-opens=java.prefs/java.util.prefs=ALL-UNNAMED --add-opens=java.prefs/java.util.prefs=ALL-UNNAMED --add-opens=java.base/java.nio.charset=ALL-UNNAMED --add-opens=java.base/java.net=ALL-UNNAMED --add-opens=java.base/java.util.concurrent.atomic=ALL-UNNAMED -Xmx2048m -Dfile.encoding=UTF-8 -Duser.country=BR -Duser.language=pt -Duser.variant org.gradle.launcher.daemon.bootstrap.GradleDaemon 7.4

Host: Intel(R) Core(TM) i7-10700 CPU @ 2.90GHz, 16 cores, 15G,  Windows 11 , 64 bit Build 22621 (10.0.22621.755)
Time: Sat Nov 26 16:54:51 2022 Hora oficial do Brasil elapsed time: 508.038453 seconds (0d 0h 8m 28s)

---------------  T H R E A D  ---------------

Current thread (0x000001f6380ef800):  GCTaskThread "GC Thread#1" [stack: 0x0000001159a00000,0x0000001159b00000] [id=30212]

Stack: [0x0000001159a00000,0x0000001159b00000],  sp=0x0000001159affb80,  free space=1022k
Native frames: (J=compiled Java code, j=interpreted, Vv=VM code, C=native code)
V  [jvm.dll+0x334aae]
C  0x000001f61a9b09b0


siginfo: EXCEPTION_ACCESS_VIOLATION (0xc0000005), reading address 0x0000000000000047


Register to memory mapping:

RIP=0x00007ff91ffd4aae jvm.dll
RAX=0x000001f636345050 points into unknown readable memory: 0x000001f63d5c71a4 | a4 71 5c 3d f6 01 00 00
RBX=0x0000000000000003 is an unknown value
RCX=0x000001f636345050 points into unknown readable memory: 0x000001f63d5c71a4 | a4 71 5c 3d f6 01 00 00
RDX=0x0000000000000244 is an unknown value
RSP=0x0000001159affb80 points into unknown readable memory: 0x0000000000000003 | 03 00 00 00 00 00 00 00
RBP=0x0000001159affbd9 points into unknown readable memory: 8b 76 37 f6 01 00 00
RSI=0x0000000000000008 is an unknown value
RDI=0x000001f61a9b09b0 points into unknown readable memory: 0x00007ff9204e7a80 | 80 7a 4e 20 f9 7f 00 00
R8 =0x0000000000000001 is an unknown value
R9 =0x0000000000000244 is an unknown value
R10=0x0000000000000010 is an unknown value
R11=0x0000001159affc10 points into unknown readable memory: 0x000001f637768bc0 | c0 8b 76 37 f6 01 00 00
R12=0x0000001159affc70 points into unknown readable memory: 0x000000008ee5ca55 | 55 ca e5 8e 00 00 00 00
R13=0x0 is NULL
R14=0x000001f636345050 points into unknown readable memory: 0x000001f63d5c71a4 | a4 71 5c 3d f6 01 00 00
R15=0x0 is NULL


Registers:
RAX=0x000001f636345050, RBX=0x0000000000000003, RCX=0x000001f636345050, RDX=0x0000000000000244
RSP=0x0000001159affb80, RBP=0x0000001159affbd9, RSI=0x0000000000000008, RDI=0x000001f61a9b09b0
R8 =0x0000000000000001, R9 =0x0000000000000244, R10=0x0000000000000010, R11=0x0000001159affc10
R12=0x0000001159affc70, R13=0x0000000000000000, R14=0x000001f636345050, R15=0x0000000000000000
RIP=0x00007ff91ffd4aae, EFLAGS=0x0000000000010206

Top of Stack: (sp=0x0000001159affb80)
0x0000001159affb80:   0000000000000003 0000000000000008
0x0000001159affb90:   000000008efa4301 0000000000000001
0x0000001159affba0:   00000f5a00000bc3 00000eb200000c4a
0x0000001159affbb0:   0000103b00000d15 0000103b00000d17
0x0000001159affbc0:   0000000f1a9b8030 000001f61a9bda50
0x0000001159affbd0:   0000001158afead0 000001f637768bc0
0x0000001159affbe0:   000001f61a9bda50 000001f61a9b09b0
0x0000001159affbf0:   0000000000000000 0000000000000008
0x0000001159affc00:   000001f6420a2d60 00007ff91ffaac1a
0x0000001159affc10:   000001f637768bc0 000001f6420a2d60
0x0000001159affc20:   0000000000000000 000001f61a9b09b0
0x0000001159affc30:   0000001158afead0 00007ff91ff8798f
0x0000001159affc40:   000001f6420a2d60 000001f6420a2d60
0x0000001159affc50:   0000000000000008 000001f61a9b09b0
0x0000001159affc60:   0000000000000000 00007ff91ff8807b
0x0000001159affc70:   000000008ee5ca55 000001f636249230 

Instructions: (pc=0x00007ff91ffd4aae)
0x00007ff91ffd49ae:   d1 73 39 48 8b 4b 60 49 03 ce 44 89 41 04 8b 43
0x00007ff91ffd49be:   20 89 41 0c 8b 43 24 89 41 10 40 88 39 48 c7 41
0x00007ff91ffd49ce:   20 fe ff ff ff 48 85 ed 7e 09 48 8b 43 60 45 89
0x00007ff91ffd49de:   64 06 e0 ff c6 48 ff c5 49 83 c6 28 48 8d 4c 24
0x00007ff91ffd49ee:   20 45 8b e0 e8 99 27 00 00 85 c0 79 86 48 8b 6c
0x00007ff91ffd49fe:   24 70 8d 46 ff 48 63 c8 48 8b 43 60 48 8d 14 89
0x00007ff91ffd4a0e:   48 8b cb 44 89 64 d0 08 8b 43 6c 4c 8b a4 24 88
0x00007ff91ffd4a1e:   00 00 00 3b f0 74 24 7d 11 48 8d 15 c2 c8 51 00
0x00007ff91ffd4a2e:   e8 cd 3a 00 00 e9 c1 00 00 00 48 8d 15 d9 c8 51
0x00007ff91ffd4a3e:   00 e8 bc 3a 00 00 e9 b0 00 00 00 44 89 7b 28 e8
0x00007ff91ffd4a4e:   ce 00 00 00 4c 63 43 44 33 d2 48 b8 ff ff ff ff
0x00007ff91ffd4a5e:   ff ff ff 3f 8b ce 49 f7 f0 48 3b c8 76 14 48 8d
0x00007ff91ffd4a6e:   15 cd c8 51 00 48 8b cb e8 c5 2e 00 00 e9 79 00
0x00007ff91ffd4a7e:   00 00 44 0f af c6 ba 01 00 00 00 49 63 c8 48 c1
0x00007ff91ffd4a8e:   e1 02 e8 eb 77 33 00 4c 8b f0 48 85 c0 75 11 48
0x00007ff91ffd4a9e:   8d 15 24 c7 51 00 48 8b cb e8 94 2e 00 00 eb 4b
0x00007ff91ffd4aae:   8b 43 44 33 d2 0f af c6 49 8b ce 4c 63 c0 49 c1
0x00007ff91ffd4abe:   e0 02 e8 67 07 44 00 4c 63 c6 85 f6 7e 25 48 8b
0x00007ff91ffd4ace:   d7 90 8b 43 44 48 8d 52 28 0f af c7 ff c7 48 98
0x00007ff91ffd4ade:   49 8d 0c 86 48 8b 43 60 48 89 4c 02 f0 49 83 e8
0x00007ff91ffd4aee:   01 75 df 48 8b cb e8 c7 21 00 00 48 8d 4c 24 20
0x00007ff91ffd4afe:   e8 1d 33 01 00 4c 8b 7c 24 50 4c 8b 74 24 58 48
0x00007ff91ffd4b0e:   8b bc 24 80 00 00 00 48 8b 74 24 78 48 83 c4 60
0x00007ff91ffd4b1e:   5b c3 40 53 48 83 ec 20 44 8b 41 20 48 8b d9 44
0x00007ff91ffd4b2e:   03 41 24 ba 01 00 00 00 44 03 41 28 44 89 41 44
0x00007ff91ffd4b3e:   49 63 c8 48 c1 e1 02 e8 36 77 33 00 48 89 43 48
0x00007ff91ffd4b4e:   48 85 c0 74 40 4c 63 43 44 33 d2 49 c1 e0 02 48
0x00007ff91ffd4b5e:   8b c8 e8 c7 06 44 00 8b 4b 24 ba 01 00 00 00 39
0x00007ff91ffd4b6e:   4b 20 44 8b 43 28 0f 4f 4b 20 41 3b c8 44 0f 4f
0x00007ff91ffd4b7e:   c1 41 ff c0 49 63 c8 e8 f6 76 33 00 48 89 43 50
0x00007ff91ffd4b8e:   48 85 c0 75 14 48 8d 15 2e c6 51 00 48 8b cb 48
0x00007ff91ffd4b9e:   83 c4 20 5b e9 99 2d 00 00 48 83 c4 20 5b c3 cc 


Stack slot to memory mapping:
stack at sp + 0 slots: 0x0000000000000003 is an unknown value
stack at sp + 1 slots: 0x0000000000000008 is an unknown value
stack at sp + 2 slots: 
[error occurred during error reporting (inspecting top of stack), id 0xc0000005, EXCEPTION_ACCESS_VIOLATION (0xc0000005) at pc=0x00007ff91fe32346]


---------------  P R O C E S S  ---------------

Threads class SMR info:
_java_thread_list=0x000001f639868680, length=52, elements={
0x000001f61a9a5000, 0x000001f636252800, 0x000001f636254800, 0x000001f6362ae800,
0x000001f6362b1800, 0x000001f6362b5800, 0x000001f6362c4000, 0x000001f6362c6000,
0x000001f6362d1800, 0x000001f63643b000, 0x000001f6382d7000, 0x000001f6389b1800,
0x000001f638b6f800, 0x000001f639301000, 0x000001f6392fe800, 0x000001f6392ff800,
0x000001f639300800, 0x000001f6392fb800, 0x000001f639f3f800, 0x000001f639f41800,
0x000001f639f43000, 0x000001f639f43800, 0x000001f639f46000, 0x000001f639f40800,
0x000001f639f47000, 0x000001f639f48000, 0x000001f639f49800, 0x000001f63d5db000,
0x000001f63d5e6000, 0x000001f63d5e6800, 0x000001f63d5e3800, 0x000001f63d5e1000,
0x000001f63d5e7800, 0x000001f63d5e4000, 0x000001f63d5e2800, 0x000001f63d5e2000,
0x000001f63d5e5000, 0x000001f63d5e9000, 0x000001f63d5d9000, 0x000001f63d5d9800,
0x000001f63d5dd000, 0x000001f63d5da800, 0x000001f63d5d8000, 0x000001f63d5dc000,
0x000001f63d5e0000, 0x000001f63d5dd800, 0x000001f63d5de800, 0x000001f63d5df800,
0x000001f63d5ed000, 0x000001f63a02e800, 0x000001f63a02b000, 0x000001f63d5eb800
}

Java Threads: ( => current thread )
  0x000001f61a9a5000 JavaThread "main" [_thread_blocked, id=20444, stack(0x0000001158400000,0x0000001158500000)]
  0x000001f636252800 JavaThread "Reference Handler" daemon [_thread_blocked, id=23624, stack(0x0000001158b00000,0x0000001158c00000)]
  0x000001f636254800 JavaThread "Finalizer" daemon [_thread_blocked, id=16156, stack(0x0000001158c00000,0x0000001158d00000)]
  0x000001f6362ae800 JavaThread "Signal Dispatcher" daemon [_thread_blocked, id=13472, stack(0x0000001158d00000,0x0000001158e00000)]
  0x000001f6362b1800 JavaThread "Attach Listener" daemon [_thread_blocked, id=34244, stack(0x0000001158e00000,0x0000001158f00000)]
  0x000001f6362b5800 JavaThread "Service Thread" daemon [_thread_blocked, id=25668, stack(0x0000001158f00000,0x0000001159000000)]
  0x000001f6362c4000 JavaThread "C2 CompilerThread0" daemon [_thread_blocked, id=11124, stack(0x0000001159000000,0x0000001159100000)]
  0x000001f6362c6000 JavaThread "C1 CompilerThread0" daemon [_thread_blocked, id=30972, stack(0x0000001159100000,0x0000001159200000)]
  0x000001f6362d1800 JavaThread "Sweeper thread" daemon [_thread_blocked, id=34308, stack(0x0000001159200000,0x0000001159300000)]
  0x000001f63643b000 JavaThread "Common-Cleaner" daemon [_thread_blocked, id=31940, stack(0x0000001159400000,0x0000001159500000)]
  0x000001f6382d7000 JavaThread "Daemon health stats" [_thread_blocked, id=35220, stack(0x0000001159f00000,0x000000115a000000)]
  0x000001f6389b1800 JavaThread "Incoming local TCP Connector on port 55049" [_thread_in_native, id=21304, stack(0x0000001159600000,0x0000001159700000)]
  0x000001f638b6f800 JavaThread "Daemon periodic checks" [_thread_blocked, id=34112, stack(0x0000001159700000,0x0000001159800000)]
  0x000001f639301000 JavaThread "Cache worker for journal cache (C:\Users\luisf\.gradle\caches\journal-1)" [_thread_blocked, id=30336, stack(0x000000115a700000,0x000000115a800000)]
  0x000001f6392fe800 JavaThread "File lock request listener" [_thread_in_native, id=37476, stack(0x000000115a800000,0x000000115a900000)]
  0x000001f6392ff800 JavaThread "Cache worker for file hash cache (C:\Users\luisf\.gradle\caches\7.4\fileHashes)" [_thread_blocked, id=34936, stack(0x000000115a900000,0x000000115aa00000)]
  0x000001f639300800 JavaThread "File watcher server" daemon [_thread_in_native, id=38172, stack(0x000000115b400000,0x000000115b500000)]
  0x000001f6392fb800 JavaThread "File watcher consumer" daemon [_thread_blocked, id=18672, stack(0x000000115b500000,0x000000115b600000)]
  0x000001f639f3f800 JavaThread "Cache worker for execution history cache (C:\Users\luisf\.gradle\caches\7.4\executionHistory)" [_thread_blocked, id=21056, stack(0x000000115ba00000,0x000000115bb00000)]
  0x000001f639f41800 JavaThread "jar transforms" [_thread_blocked, id=2728, stack(0x000000115bb00000,0x000000115bc00000)]
  0x000001f639f43000 JavaThread "jar transforms Thread 2" [_thread_blocked, id=21068, stack(0x000000115bc00000,0x000000115bd00000)]
  0x000001f639f43800 JavaThread "Cache worker for file content cache (C:\Users\luisf\.gradle\caches\7.4\fileContent)" [_thread_blocked, id=34680, stack(0x000000115bd00000,0x000000115be00000)]
  0x000001f639f46000 JavaThread "jar transforms Thread 3" [_thread_blocked, id=16480, stack(0x000000115be00000,0x000000115bf00000)]
  0x000001f639f40800 JavaThread "jar transforms Thread 4" [_thread_blocked, id=15996, stack(0x000000115bf00000,0x000000115c000000)]
  0x000001f639f47000 JavaThread "jar transforms Thread 5" [_thread_blocked, id=30908, stack(0x000000115c000000,0x000000115c100000)]
  0x000001f639f48000 JavaThread "jar transforms Thread 6" [_thread_blocked, id=19328, stack(0x000000115c100000,0x000000115c200000)]
  0x000001f639f49800 JavaThread "jar transforms Thread 7" [_thread_blocked, id=8852, stack(0x000000115c300000,0x000000115c400000)]
  0x000001f63d5db000 JavaThread "jar transforms Thread 8" [_thread_blocked, id=11716, stack(0x0000001165a00000,0x0000001165b00000)]
  0x000001f63d5e6000 JavaThread "jar transforms Thread 9" [_thread_blocked, id=18996, stack(0x0000001165b00000,0x0000001165c00000)]
  0x000001f63d5e6800 JavaThread "jar transforms Thread 10" [_thread_blocked, id=28040, stack(0x0000001165c00000,0x0000001165d00000)]
  0x000001f63d5e3800 JavaThread "jar transforms Thread 11" [_thread_blocked, id=8736, stack(0x0000001165d00000,0x0000001165e00000)]
  0x000001f63d5e1000 JavaThread "jar transforms Thread 12" [_thread_blocked, id=10516, stack(0x0000001165e00000,0x0000001165f00000)]
  0x000001f63d5e7800 JavaThread "jar transforms Thread 13" [_thread_blocked, id=34948, stack(0x0000001165f00000,0x0000001166000000)]
  0x000001f63d5e4000 JavaThread "jar transforms Thread 14" [_thread_blocked, id=35968, stack(0x0000001166000000,0x0000001166100000)]
  0x000001f63d5e2800 JavaThread "jar transforms Thread 15" [_thread_blocked, id=8092, stack(0x0000001166100000,0x0000001166200000)]
  0x000001f63d5e2000 JavaThread "jar transforms Thread 16" [_thread_blocked, id=20140, stack(0x0000001166200000,0x0000001166300000)]
  0x000001f63d5e5000 JavaThread "Memory manager" [_thread_blocked, id=26204, stack(0x0000001166300000,0x0000001166400000)]
  0x000001f63d5e9000 JavaThread "pool-3-thread-1" [_thread_blocked, id=35160, stack(0x0000001166500000,0x0000001166600000)]
  0x000001f63d5d9000 JavaThread "Daemon Thread 2" [_thread_blocked, id=21660, stack(0x0000001158100000,0x0000001158200000)]
  0x000001f63d5d9800 JavaThread "Handler for socket connection from /127.0.0.1:55049 to /127.0.0.1:55390" [_thread_in_native, id=22664, stack(0x0000001158200000,0x0000001158300000)]
  0x000001f63d5dd000 JavaThread "Cancel handler" [_thread_blocked, id=32324, stack(0x0000001158300000,0x0000001158400000)]
  0x000001f63d5da800 JavaThread "Daemon worker Thread 2" [_thread_blocked, id=32868, stack(0x0000001159300000,0x0000001159400000)]
  0x000001f63d5d8000 JavaThread "Asynchronous log dispatcher for DefaultDaemonConnection: socket connection from /127.0.0.1:55049 to /127.0.0.1:55390" [_thread_blocked, id=28712, stack(0x0000001159800000,0x0000001159900000)]
  0x000001f63d5dc000 JavaThread "Stdin handler" [_thread_blocked, id=21728, stack(0x0000001159900000,0x0000001159a00000)]
  0x000001f63d5e0000 JavaThread "Daemon client event forwarder" [_thread_blocked, id=34940, stack(0x000000115a000000,0x000000115a100000)]
  0x000001f63d5dd800 JavaThread "Cache worker for checksums cache (C:\Users\luisf\AndroidStudioProjects\Curso de Firebase para Android\AplicativodeTeste\.gradle\7.4\checksums)" [_thread_blocked, id=20532, stack(0x000000115a100000,0x000000115a200000)]
  0x000001f63d5de800 JavaThread "Cache worker for cache directory md-rule (C:\Users\luisf\.gradle\caches\7.4\md-rule)" [_thread_blocked, id=21464, stack(0x000000115a200000,0x000000115a300000)]
  0x000001f63d5df800 JavaThread "Cache worker for file hash cache (C:\Users\luisf\AndroidStudioProjects\Curso de Firebase para Android\AplicativodeTeste\.gradle\7.4\fileHashes)" [_thread_blocked, id=8376, stack(0x000000115a300000,0x000000115a400000)]
  0x000001f63d5ed000 JavaThread "Cache worker for cache directory md-supplier (C:\Users\luisf\.gradle\caches\7.4\md-supplier)" [_thread_blocked, id=35156, stack(0x000000115a400000,0x000000115a500000)]
  0x000001f63a02e800 JavaThread "C2 CompilerThread1" daemon [_thread_blocked, id=12088, stack(0x000000115a500000,0x000000115a600000)]
  0x000001f63a02b000 JavaThread "C2 CompilerThread2" daemon [_thread_blocked, id=33380, stack(0x000000115a600000,0x000000115a700000)]
  0x000001f63d5eb800 JavaThread "Cache worker for dependencies-accessors (C:\Users\luisf\AndroidStudioProjects\Curso de Firebase para Android\AplicativodeTeste\.gradle\7.4\dependencies-accessors)" [_thread_blocked, id=17372, stack(0x000000115b300000,0x000000115b400000)]

Other Threads:
  0x000001f63624f000 VMThread "VM Thread" [stack: 0x0000001158a00000,0x0000001158b00000] [id=8132]
  0x000001f6364ab000 WatcherThread [stack: 0x0000001159500000,0x0000001159600000] [id=16984]
  0x000001f61a9ba800 GCTaskThread "GC Thread#0" [stack: 0x0000001158500000,0x0000001158600000] [id=33128]
=>0x000001f6380ef800 GCTaskThread "GC Thread#1" [stack: 0x0000001159a00000,0x0000001159b00000] [id=30212]
  0x000001f637023800 GCTaskThread "GC Thread#2" [stack: 0x0000001159b00000,0x0000001159c00000] [id=38616]
  0x000001f6370c8800 GCTaskThread "GC Thread#3" [stack: 0x0000001159c00000,0x0000001159d00000] [id=33444]
  0x000001f637059000 GCTaskThread "GC Thread#4" [stack: 0x0000001159d00000,0x0000001159e00000] [id=12040]
  0x000001f6374d7800 GCTaskThread "GC Thread#5" [stack: 0x0000001159e00000,0x0000001159f00000] [id=38920]
  0x000001f63721a000 GCTaskThread "GC Thread#6" [stack: 0x000000115aa00000,0x000000115ab00000] [id=25192]
  0x000001f6381fc000 GCTaskThread "GC Thread#7" [stack: 0x000000115ab00000,0x000000115ac00000] [id=13084]
  0x000001f6373ca800 GCTaskThread "GC Thread#8" [stack: 0x000000115ac00000,0x000000115ad00000] [id=22608]
  0x000001f637672000 GCTaskThread "GC Thread#9" [stack: 0x000000115ad00000,0x000000115ae00000] [id=31272]
  0x000001f637672800 GCTaskThread "GC Thread#10" [stack: 0x000000115ae00000,0x000000115af00000] [id=39768]
  0x000001f637674800 GCTaskThread "GC Thread#11" [stack: 0x000000115af00000,0x000000115b000000] [id=32436]
  0x000001f637bec800 GCTaskThread "GC Thread#12" [stack: 0x000000115b000000,0x000000115b100000] [id=15628]
  0x000001f61a9ee000 ConcurrentGCThread "G1 Main Marker" [stack: 0x0000001158600000,0x0000001158700000] [id=19716]
  0x000001f61a9f0000 ConcurrentGCThread "G1 Conc#0" [stack: 0x0000001158700000,0x0000001158800000] [id=7080]
  0x000001f638e3a800 ConcurrentGCThread "G1 Conc#1" [stack: 0x000000115b100000,0x000000115b200000] [id=33040]
  0x000001f638e3b800 ConcurrentGCThread "G1 Conc#2" [stack: 0x000000115b200000,0x000000115b300000] [id=38416]
  0x000001f635899000 ConcurrentGCThread "G1 Refine#0" [stack: 0x0000001158800000,0x0000001158900000] [id=26728]
  0x000001f639511800 ConcurrentGCThread "G1 Refine#1" [stack: 0x000000115b600000,0x000000115b700000] [id=9756]
  0x000001f63950e800 ConcurrentGCThread "G1 Refine#2" [stack: 0x000000115b700000,0x000000115b800000] [id=23900]
  0x000001f63950f000 ConcurrentGCThread "G1 Refine#3" [stack: 0x000000115b800000,0x000000115b900000] [id=34912]
  0x000001f63589b800 ConcurrentGCThread "G1 Young RemSet Sampling" [stack: 0x0000001158900000,0x0000001158a00000] [id=29520]

Threads with active compile tasks:

VM state:at safepoint (normal execution)

VM Mutex/Monitor currently owned by a thread:  ([mutex/lock_event])
[0x000001f61a9a2310] Threads_lock - owner thread: 0x000001f63624f000
[0x000001f61a9a12c0] Heap_lock - owner thread: 0x000001f63d5da800

Heap address: 0x0000000080000000, size: 2048 MB, Compressed Oops mode: 32-bit
Narrow klass base: 0x0000000000000000, Narrow klass shift: 3
Compressed class space size: 1073741824 Address: 0x0000000100000000

Heap:
 garbage-first heap   total 258048K, used 135159K [0x0000000080000000, 0x0000000100000000)
  region size 1024K, 14 young (14336K), 2 survivors (2048K)
 Metaspace       used 94082K, capacity 96565K, committed 96796K, reserved 1134592K
  class space    used 11752K, capacity 12723K, committed 12748K, reserved 1048576K
Heap Regions: E=young(eden), S=young(survivor), O=old, HS=humongous(starts), HC=humongous(continues), CS=collection set, F=free, A=archive, TAMS=top-at-mark-start (previous, next)
|   0|0x0000000080000000, 0x0000000080100000, 0x0000000080100000|100%| O|  |TAMS 0x0000000080100000, 0x0000000080100000| Untracked 
|   1|0x0000000080100000, 0x0000000080200000, 0x0000000080200000|100%| O|  |TAMS 0x0000000080200000, 0x0000000080200000| Untracked 
|   2|0x0000000080200000, 0x0000000080300000, 0x0000000080300000|100%| O|  |TAMS 0x0000000080300000, 0x0000000080300000| Untracked 
|   3|0x0000000080300000, 0x0000000080400000, 0x0000000080400000|100%|HS|  |TAMS 0x0000000080400000, 0x0000000080400000| Complete 
|   4|0x0000000080400000, 0x0000000080500000, 0x0000000080500000|100%|HC|  |TAMS 0x0000000080500000, 0x0000000080500000| Complete 
|   5|0x0000000080500000, 0x0000000080600000, 0x0000000080600000|100%|HC|  |TAMS 0x0000000080600000, 0x0000000080600000| Complete 
|   6|0x0000000080600000, 0x0000000080700000, 0x0000000080700000|100%| O|  |TAMS 0x0000000080700000, 0x0000000080700000| Untracked 
|   7|0x0000000080700000, 0x0000000080800000, 0x0000000080800000|100%| O|  |TAMS 0x0000000080800000, 0x0000000080800000| Untracked 
|   8|0x0000000080800000, 0x0000000080900000, 0x0000000080900000|100%| O|  |TAMS 0x0000000080900000, 0x0000000080900000| Untracked 
|   9|0x0000000080900000, 0x0000000080a00000, 0x0000000080a00000|100%| O|  |TAMS 0x0000000080a00000, 0x0000000080a00000| Untracked 
|  10|0x0000000080a00000, 0x0000000080b00000, 0x0000000080b00000|100%| O|  |TAMS 0x0000000080b00000, 0x0000000080b00000| Untracked 
|  11|0x0000000080b00000, 0x0000000080c00000, 0x0000000080c00000|100%| O|  |TAMS 0x0000000080c00000, 0x0000000080c00000| Untracked 
|  12|0x0000000080c00000, 0x0000000080d00000, 0x0000000080d00000|100%| O|  |TAMS 0x0000000080d00000, 0x0000000080d00000| Untracked 
|  13|0x0000000080d00000, 0x0000000080e00000, 0x0000000080e00000|100%| O|  |TAMS 0x0000000080e00000, 0x0000000080e00000| Untracked 
|  14|0x0000000080e00000, 0x0000000080f00000, 0x0000000080f00000|100%| O|  |TAMS 0x0000000080f00000, 0x0000000080f00000| Untracked 
|  15|0x0000000080f00000, 0x0000000081000000, 0x0000000081000000|100%| O|  |TAMS 0x0000000081000000, 0x0000000081000000| Untracked 
|  16|0x0000000081000000, 0x0000000081100000, 0x0000000081100000|100%| O|  |TAMS 0x0000000081100000, 0x0000000081100000| Untracked 
|  17|0x0000000081100000, 0x0000000081200000, 0x0000000081200000|100%| O|  |TAMS 0x0000000081200000, 0x0000000081200000| Untracked 
|  18|0x0000000081200000, 0x0000000081300000, 0x0000000081300000|100%| O|  |TAMS 0x0000000081300000, 0x0000000081300000| Untracked 
|  19|0x0000000081300000, 0x0000000081400000, 0x0000000081400000|100%| O|  |TAMS 0x0000000081400000, 0x0000000081400000| Untracked 
|  20|0x0000000081400000, 0x0000000081500000, 0x0000000081500000|100%| O|  |TAMS 0x0000000081500000, 0x0000000081500000| Untracked 
|  21|0x0000000081500000, 0x0000000081600000, 0x0000000081600000|100%| O|  |TAMS 0x0000000081600000, 0x0000000081600000| Untracked 
|  22|0x0000000081600000, 0x0000000081700000, 0x0000000081700000|100%|HS|  |TAMS 0x0000000081700000, 0x0000000081700000| Complete 
|  23|0x0000000081700000, 0x0000000081800000, 0x0000000081800000|100%| O|  |TAMS 0x0000000081800000, 0x0000000081800000| Untracked 
|  24|0x0000000081800000, 0x0000000081900000, 0x0000000081900000|100%| O|  |TAMS 0x0000000081900000, 0x0000000081900000| Untracked 
|  25|0x0000000081900000, 0x0000000081a00000, 0x0000000081a00000|100%| O|  |TAMS 0x0000000081a00000, 0x0000000081a00000| Untracked 
|  26|0x0000000081a00000, 0x0000000081b00000, 0x0000000081b00000|100%| O|  |TAMS 0x0000000081b00000, 0x0000000081b00000| Untracked 
|  27|0x0000000081b00000, 0x0000000081c00000, 0x0000000081c00000|100%| O|  |TAMS 0x0000000081c00000, 0x0000000081c00000| Untracked 
|  28|0x0000000081c00000, 0x0000000081d00000, 0x0000000081d00000|100%| O|  |TAMS 0x0000000081d00000, 0x0000000081d00000| Untracked 
|  29|0x0000000081d00000, 0x0000000081e00000, 0x0000000081e00000|100%| O|  |TAMS 0x0000000081e00000, 0x0000000081e00000| Untracked 
|  30|0x0000000081e00000, 0x0000000081f00000, 0x0000000081f00000|100%|HS|  |TAMS 0x0000000081f00000, 0x0000000081f00000| Complete 
|  31|0x0000000081f00000, 0x0000000082000000, 0x0000000082000000|100%|HS|  |TAMS 0x0000000082000000, 0x0000000082000000| Complete 
|  32|0x0000000082000000, 0x0000000082100000, 0x0000000082100000|100%|HS|  |TAMS 0x0000000082100000, 0x0000000082100000| Complete 
|  33|0x0000000082100000, 0x0000000082200000, 0x0000000082200000|100%|HC|  |TAMS 0x0000000082200000, 0x0000000082200000| Complete 
|  34|0x0000000082200000, 0x0000000082300000, 0x0000000082300000|100%|HC|  |TAMS 0x0000000082300000, 0x0000000082300000| Complete 
|  35|0x0000000082300000, 0x0000000082400000, 0x0000000082400000|100%|HC|  |TAMS 0x0000000082400000, 0x0000000082400000| Complete 
|  36|0x0000000082400000, 0x0000000082500000, 0x0000000082500000|100%| O|  |TAMS 0x0000000082400000, 0x0000000082500000| Untracked 
|  37|0x0000000082500000, 0x0000000082600000, 0x0000000082600000|100%|HS|  |TAMS 0x0000000082600000, 0x0000000082600000| Complete 
|  38|0x0000000082600000, 0x0000000082700000, 0x0000000082700000|100%|HC|  |TAMS 0x0000000082700000, 0x0000000082700000| Complete 
|  39|0x0000000082700000, 0x0000000082800000, 0x0000000082800000|100%| O|  |TAMS 0x0000000082700000, 0x0000000082800000| Untracked 
|  40|0x0000000082800000, 0x0000000082900000, 0x0000000082900000|100%| O|  |TAMS 0x0000000082800000, 0x0000000082900000| Untracked 
|  41|0x0000000082900000, 0x0000000082a00000, 0x0000000082a00000|100%| O|  |TAMS 0x0000000082a00000, 0x0000000082a00000| Untracked 
|  42|0x0000000082a00000, 0x0000000082b00000, 0x0000000082b00000|100%|HS|  |TAMS 0x0000000082a00000, 0x0000000082b00000| Complete 
|  43|0x0000000082b00000, 0x0000000082c00000, 0x0000000082c00000|100%|HC|  |TAMS 0x0000000082b00000, 0x0000000082c00000| Complete 
|  44|0x0000000082c00000, 0x0000000082d00000, 0x0000000082d00000|100%| O|  |TAMS 0x0000000082d00000, 0x0000000082d00000| Untracked 
|  45|0x0000000082d00000, 0x0000000082e00000, 0x0000000082e00000|100%| O|  |TAMS 0x0000000082e00000, 0x0000000082e00000| Untracked 
|  46|0x0000000082e00000, 0x0000000082f00000, 0x0000000082f00000|100%| O|  |TAMS 0x0000000082f00000, 0x0000000082f00000| Untracked 
|  47|0x0000000082f00000, 0x0000000083000000, 0x0000000083000000|100%| O|  |TAMS 0x0000000083000000, 0x0000000083000000| Untracked 
|  48|0x0000000083000000, 0x0000000083100000, 0x0000000083100000|100%| O|  |TAMS 0x0000000083100000, 0x0000000083100000| Untracked 
|  49|0x0000000083100000, 0x0000000083200000, 0x0000000083200000|100%| O|  |TAMS 0x0000000083200000, 0x0000000083200000| Untracked 
|  50|0x0000000083200000, 0x0000000083300000, 0x0000000083300000|100%| O|  |TAMS 0x0000000083300000, 0x0000000083300000| Untracked 
|  51|0x0000000083300000, 0x0000000083400000, 0x0000000083400000|100%| O|  |TAMS 0x0000000083400000, 0x0000000083400000| Untracked 
|  52|0x0000000083400000, 0x0000000083500000, 0x0000000083500000|100%| O|  |TAMS 0x0000000083500000, 0x0000000083500000| Untracked 
|  53|0x0000000083500000, 0x0000000083600000, 0x0000000083600000|100%| O|  |TAMS 0x0000000083600000, 0x0000000083600000| Untracked 
|  54|0x0000000083600000, 0x0000000083700000, 0x0000000083700000|100%| O|  |TAMS 0x0000000083700000, 0x0000000083700000| Untracked 
|  55|0x0000000083700000, 0x0000000083800000, 0x0000000083800000|100%| O|  |TAMS 0x0000000083800000, 0x0000000083800000| Untracked 
|  56|0x0000000083800000, 0x0000000083900000, 0x0000000083900000|100%| O|  |TAMS 0x0000000083900000, 0x0000000083900000| Untracked 
|  57|0x0000000083900000, 0x0000000083a00000, 0x0000000083a00000|100%| O|  |TAMS 0x0000000083a00000, 0x0000000083a00000| Untracked 
|  58|0x0000000083a00000, 0x0000000083b00000, 0x0000000083b00000|100%| O|  |TAMS 0x0000000083b00000, 0x0000000083b00000| Untracked 
|  59|0x0000000083b00000, 0x0000000083c00000, 0x0000000083c00000|100%| O|  |TAMS 0x0000000083c00000, 0x0000000083c00000| Untracked 
|  60|0x0000000083c00000, 0x0000000083d00000, 0x0000000083d00000|100%| O|  |TAMS 0x0000000083d00000, 0x0000000083d00000| Untracked 
|  61|0x0000000083d00000, 0x0000000083e00000, 0x0000000083e00000|100%| O|  |TAMS 0x0000000083e00000, 0x0000000083e00000| Untracked 
|  62|0x0000000083e00000, 0x0000000083f00000, 0x0000000083f00000|100%| O|  |TAMS 0x0000000083f00000, 0x0000000083f00000| Untracked 
|  63|0x0000000083f00000, 0x0000000084000000, 0x0000000084000000|100%| O|  |TAMS 0x0000000084000000, 0x0000000084000000| Untracked 
|  64|0x0000000084000000, 0x0000000084100000, 0x0000000084100000|100%| O|  |TAMS 0x0000000084100000, 0x0000000084100000| Untracked 
|  65|0x0000000084100000, 0x0000000084200000, 0x0000000084200000|100%| O|  |TAMS 0x0000000084200000, 0x0000000084200000| Untracked 
|  66|0x0000000084200000, 0x0000000084300000, 0x0000000084300000|100%| O|  |TAMS 0x0000000084300000, 0x0000000084300000| Untracked 
|  67|0x0000000084300000, 0x0000000084400000, 0x0000000084400000|100%| O|  |TAMS 0x0000000084400000, 0x0000000084400000| Untracked 
|  68|0x0000000084400000, 0x0000000084500000, 0x0000000084500000|100%|HS|  |TAMS 0x0000000084400000, 0x0000000084500000| Complete 
|  69|0x0000000084500000, 0x0000000084600000, 0x0000000084600000|100%|HC|  |TAMS 0x0000000084500000, 0x0000000084600000| Complete 
|  70|0x0000000084600000, 0x0000000084700000, 0x0000000084700000|100%|HC|  |TAMS 0x0000000084600000, 0x0000000084700000| Complete 
|  71|0x0000000084700000, 0x0000000084800000, 0x0000000084800000|100%|HS|  |TAMS 0x0000000084700000, 0x0000000084800000| Complete 
|  72|0x0000000084800000, 0x0000000084900000, 0x0000000084900000|100%|HC|  |TAMS 0x0000000084800000, 0x0000000084900000| Complete 
|  73|0x0000000084900000, 0x0000000084a00000, 0x0000000084a00000|100%|HC|  |TAMS 0x0000000084900000, 0x0000000084a00000| Complete 
|  74|0x0000000084a00000, 0x0000000084b00000, 0x0000000084b00000|100%|HS|  |TAMS 0x0000000084a00000, 0x0000000084b00000| Complete 
|  75|0x0000000084b00000, 0x0000000084c00000, 0x0000000084c00000|100%|HC|  |TAMS 0x0000000084b00000, 0x0000000084c00000| Complete 
|  76|0x0000000084c00000, 0x0000000084d00000, 0x0000000084d00000|100%|HC|  |TAMS 0x0000000084c00000, 0x0000000084d00000| Complete 
|  77|0x0000000084d00000, 0x0000000084e00000, 0x0000000084e00000|100%|HC|  |TAMS 0x0000000084d00000, 0x0000000084e00000| Complete 
|  78|0x0000000084e00000, 0x0000000084f00000, 0x0000000084f00000|100%|HS|  |TAMS 0x0000000084e00000, 0x0000000084f00000| Complete 
|  79|0x0000000084f00000, 0x0000000085000000, 0x0000000085000000|100%|HC|  |TAMS 0x0000000084f00000, 0x0000000085000000| Complete 
|  80|0x0000000085000000, 0x0000000085100000, 0x0000000085100000|100%|HC|  |TAMS 0x0000000085000000, 0x0000000085100000| Complete 
|  81|0x0000000085100000, 0x0000000085200000, 0x0000000085200000|100%|HC|  |TAMS 0x0000000085100000, 0x0000000085200000| Complete 
|  82|0x0000000085200000, 0x0000000085300000, 0x0000000085300000|100%|HC|  |TAMS 0x0000000085200000, 0x0000000085300000| Complete 
|  83|0x0000000085300000, 0x0000000085400000, 0x0000000085400000|100%|HS|  |TAMS 0x0000000085300000, 0x0000000085400000| Complete 
|  84|0x0000000085400000, 0x0000000085500000, 0x0000000085500000|100%|HC|  |TAMS 0x0000000085400000, 0x0000000085500000| Complete 
|  85|0x0000000085500000, 0x0000000085600000, 0x0000000085600000|100%|HC|  |TAMS 0x0000000085500000, 0x0000000085600000| Complete 
|  86|0x0000000085600000, 0x0000000085700000, 0x0000000085700000|100%|HC|  |TAMS 0x0000000085600000, 0x0000000085700000| Complete 
|  87|0x0000000085700000, 0x0000000085800000, 0x0000000085800000|100%|HS|  |TAMS 0x0000000085700000, 0x0000000085800000| Complete 
|  88|0x0000000085800000, 0x0000000085900000, 0x0000000085900000|100%|HC|  |TAMS 0x0000000085800000, 0x0000000085900000| Complete 
|  89|0x0000000085900000, 0x0000000085a00000, 0x0000000085a00000|100%|HC|  |TAMS 0x0000000085900000, 0x0000000085a00000| Complete 
|  90|0x0000000085a00000, 0x0000000085b00000, 0x0000000085b00000|100%|HS|  |TAMS 0x0000000085a00000, 0x0000000085b00000| Complete 
|  91|0x0000000085b00000, 0x0000000085c00000, 0x0000000085c00000|100%|HC|  |TAMS 0x0000000085b00000, 0x0000000085c00000| Complete 
|  92|0x0000000085c00000, 0x0000000085d00000, 0x0000000085d00000|100%|HS|  |TAMS 0x0000000085c00000, 0x0000000085d00000| Complete 
|  93|0x0000000085d00000, 0x0000000085e00000, 0x0000000085e00000|100%|HC|  |TAMS 0x0000000085d00000, 0x0000000085e00000| Complete 
|  94|0x0000000085e00000, 0x0000000085f00000, 0x0000000085f00000|100%|HC|  |TAMS 0x0000000085e00000, 0x0000000085f00000| Complete 
|  95|0x0000000085f00000, 0x0000000086000000, 0x0000000086000000|100%| O|  |TAMS 0x0000000085f00000, 0x0000000086000000| Untracked 
|  96|0x0000000086000000, 0x0000000086100000, 0x0000000086100000|100%| O|  |TAMS 0x0000000086000000, 0x0000000086100000| Untracked 
|  97|0x0000000086100000, 0x0000000086200000, 0x0000000086200000|100%| O|  |TAMS 0x0000000086100000, 0x0000000086200000| Untracked 
|  98|0x0000000086200000, 0x0000000086300000, 0x0000000086300000|100%| O|  |TAMS 0x0000000086200000, 0x0000000086300000| Untracked 
|  99|0x0000000086300000, 0x0000000086400000, 0x0000000086400000|100%| O|  |TAMS 0x0000000086300000, 0x0000000086400000| Untracked 
| 100|0x0000000086400000, 0x0000000086500000, 0x0000000086500000|100%| O|  |TAMS 0x0000000086400000, 0x0000000086500000| Untracked 
| 101|0x0000000086500000, 0x0000000086600000, 0x0000000086600000|100%| O|  |TAMS 0x0000000086500000, 0x0000000086600000| Untracked 
| 102|0x0000000086600000, 0x0000000086700000, 0x0000000086700000|100%| O|  |TAMS 0x0000000086600000, 0x0000000086700000| Untracked 
| 103|0x0000000086700000, 0x0000000086800000, 0x0000000086800000|100%| O|  |TAMS 0x0000000086700000, 0x0000000086800000| Untracked 
| 104|0x0000000086800000, 0x0000000086900000, 0x0000000086900000|100%| O|  |TAMS 0x0000000086800000, 0x0000000086900000| Untracked 
| 105|0x0000000086900000, 0x0000000086a00000, 0x0000000086a00000|100%| O|  |TAMS 0x0000000086900000, 0x0000000086a00000| Untracked 
| 106|0x0000000086a00000, 0x0000000086b00000, 0x0000000086b00000|100%| O|  |TAMS 0x0000000086a00000, 0x0000000086b00000| Untracked 
| 107|0x0000000086b00000, 0x0000000086c00000, 0x0000000086c00000|100%| O|  |TAMS 0x0000000086b00000, 0x0000000086c00000| Untracked 
| 108|0x0000000086c00000, 0x0000000086d00000, 0x0000000086d00000|100%| O|  |TAMS 0x0000000086c00000, 0x0000000086d00000| Untracked 
| 109|0x0000000086d00000, 0x0000000086e00000, 0x0000000086e00000|100%| O|  |TAMS 0x0000000086d00000, 0x0000000086e00000| Untracked 
| 110|0x0000000086e00000, 0x0000000086f00000, 0x0000000086f00000|100%| O|  |TAMS 0x0000000086e00000, 0x0000000086f00000| Untracked 
| 111|0x0000000086f00000, 0x0000000087000000, 0x0000000087000000|100%| O|  |TAMS 0x0000000086f00000, 0x0000000087000000| Untracked 
| 112|0x0000000087000000, 0x0000000087100000, 0x0000000087100000|100%| O|  |TAMS 0x0000000087000000, 0x0000000087100000| Untracked 
| 113|0x0000000087100000, 0x0000000087200000, 0x0000000087200000|100%| O|  |TAMS 0x0000000087100000, 0x0000000087200000| Untracked 
| 114|0x0000000087200000, 0x0000000087300000, 0x0000000087300000|100%| O|  |TAMS 0x0000000087200000, 0x0000000087300000| Untracked 
| 115|0x0000000087300000, 0x0000000087400000, 0x0000000087400000|100%| O|  |TAMS 0x0000000087300000, 0x0000000087400000| Untracked 
| 116|0x0000000087400000, 0x0000000087500000, 0x0000000087500000|100%| O|  |TAMS 0x0000000087400000, 0x0000000087500000| Untracked 
| 117|0x0000000087500000, 0x0000000087600000, 0x0000000087600000|100%| O|  |TAMS 0x0000000087500000, 0x0000000087600000| Untracked 
| 118|0x0000000087600000, 0x0000000087700000, 0x0000000087700000|100%| O|  |TAMS 0x0000000087600000, 0x0000000087700000| Untracked 
| 119|0x0000000087700000, 0x0000000087800000, 0x0000000087800000|100%| O|  |TAMS 0x0000000087700000, 0x0000000087800000| Untracked 
| 120|0x0000000087800000, 0x0000000087830410, 0x0000000087900000| 18%| O|  |TAMS 0x0000000087800000, 0x0000000087900000| Untracked 
| 121|0x0000000087900000, 0x0000000087900000, 0x0000000087a00000|  0%| F|  |TAMS 0x0000000087900000, 0x0000000087900000| Untracked 
| 122|0x0000000087a00000, 0x0000000087a00000, 0x0000000087b00000|  0%| F|  |TAMS 0x0000000087a00000, 0x0000000087a00000| Untracked 
| 123|0x0000000087b00000, 0x0000000087b00000, 0x0000000087c00000|  0%| F|  |TAMS 0x0000000087b00000, 0x0000000087b00000| Untracked 
| 124|0x0000000087c00000, 0x0000000087c00000, 0x0000000087d00000|  0%| F|  |TAMS 0x0000000087c00000, 0x0000000087c00000| Untracked 
| 125|0x0000000087d00000, 0x0000000087d00000, 0x0000000087e00000|  0%| F|  |TAMS 0x0000000087d00000, 0x0000000087d00000| Untracked 
| 126|0x0000000087e00000, 0x0000000087e00000, 0x0000000087f00000|  0%| F|  |TAMS 0x0000000087e00000, 0x0000000087e00000| Untracked 
| 127|0x0000000087f00000, 0x0000000087f00000, 0x0000000088000000|  0%| F|  |TAMS 0x0000000087f00000, 0x0000000087f00000| Untracked 
| 128|0x0000000088000000, 0x0000000088000000, 0x0000000088100000|  0%| F|  |TAMS 0x0000000088000000, 0x0000000088000000| Untracked 
| 129|0x0000000088100000, 0x0000000088200000, 0x0000000088200000|100%| E|CS|TAMS 0x0000000088100000, 0x0000000088200000| Complete 
| 130|0x0000000088200000, 0x0000000088300000, 0x0000000088300000|100%| E|CS|TAMS 0x0000000088200000, 0x0000000088300000| Complete 
| 131|0x0000000088300000, 0x0000000088400000, 0x0000000088400000|100%| E|CS|TAMS 0x0000000088300000, 0x0000000088400000| Complete 
| 132|0x0000000088400000, 0x0000000088500000, 0x0000000088500000|100%| E|CS|TAMS 0x0000000088400000, 0x0000000088500000| Complete 
| 133|0x0000000088500000, 0x0000000088600000, 0x0000000088600000|100%| E|CS|TAMS 0x0000000088500000, 0x0000000088600000| Complete 
| 134|0x0000000088600000, 0x0000000088600000, 0x0000000088700000|  0%| F|  |TAMS 0x0000000088600000, 0x0000000088600000| Untracked 
| 135|0x0000000088700000, 0x0000000088700000, 0x0000000088800000|  0%| F|  |TAMS 0x0000000088700000, 0x0000000088700000| Untracked 
| 136|0x0000000088800000, 0x0000000088800000, 0x0000000088900000|  0%| F|  |TAMS 0x0000000088800000, 0x0000000088800000| Untracked 
| 137|0x0000000088900000, 0x0000000088900000, 0x0000000088a00000|  0%| F|  |TAMS 0x0000000088900000, 0x0000000088900000| Untracked 
| 138|0x0000000088a00000, 0x0000000088b00000, 0x0000000088b00000|100%| E|CS|TAMS 0x0000000088a00000, 0x0000000088b00000| Complete 
| 139|0x0000000088b00000, 0x0000000088c00000, 0x0000000088c00000|100%| E|CS|TAMS 0x0000000088b00000, 0x0000000088c00000| Complete 
| 140|0x0000000088c00000, 0x0000000088d00000, 0x0000000088d00000|100%| E|CS|TAMS 0x0000000088c00000, 0x0000000088d00000| Complete 
| 141|0x0000000088d00000, 0x0000000088e00000, 0x0000000088e00000|100%| E|CS|TAMS 0x0000000088d00000, 0x0000000088e00000| Complete 
| 142|0x0000000088e00000, 0x0000000088f00000, 0x0000000088f00000|100%| E|CS|TAMS 0x0000000088e00000, 0x0000000088f00000| Complete 
| 143|0x0000000088f00000, 0x0000000088f00000, 0x0000000089000000|  0%| F|  |TAMS 0x0000000088f00000, 0x0000000088f00000| Untracked 
| 144|0x0000000089000000, 0x0000000089000000, 0x0000000089100000|  0%| F|  |TAMS 0x0000000089000000, 0x0000000089000000| Untracked 
| 145|0x0000000089100000, 0x0000000089100000, 0x0000000089200000|  0%| F|  |TAMS 0x0000000089100000, 0x0000000089100000| Untracked 
| 146|0x0000000089200000, 0x0000000089200000, 0x0000000089300000|  0%| F|  |TAMS 0x0000000089200000, 0x0000000089200000| Untracked 
| 147|0x0000000089300000, 0x0000000089300000, 0x0000000089400000|  0%| F|  |TAMS 0x0000000089300000, 0x0000000089300000| Untracked 
| 148|0x0000000089400000, 0x0000000089400000, 0x0000000089500000|  0%| F|  |TAMS 0x0000000089400000, 0x0000000089400000| Untracked 
| 149|0x0000000089500000, 0x0000000089500000, 0x0000000089600000|  0%| F|  |TAMS 0x0000000089500000, 0x0000000089500000| Untracked 
| 150|0x0000000089600000, 0x0000000089600000, 0x0000000089700000|  0%| F|  |TAMS 0x0000000089600000, 0x0000000089600000| Untracked 
| 151|0x0000000089700000, 0x0000000089700000, 0x0000000089800000|  0%| F|  |TAMS 0x0000000089700000, 0x0000000089700000| Untracked 
| 152|0x0000000089800000, 0x0000000089800000, 0x0000000089900000|  0%| F|  |TAMS 0x0000000089800000, 0x0000000089800000| Untracked 
| 153|0x0000000089900000, 0x0000000089900000, 0x0000000089a00000|  0%| F|  |TAMS 0x0000000089900000, 0x0000000089900000| Untracked 
| 154|0x0000000089a00000, 0x0000000089a00000, 0x0000000089b00000|  0%| F|  |TAMS 0x0000000089a00000, 0x0000000089a00000| Untracked 
| 155|0x0000000089b00000, 0x0000000089b00000, 0x0000000089c00000|  0%| F|  |TAMS 0x0000000089b00000, 0x0000000089b00000| Untracked 
| 156|0x0000000089c00000, 0x0000000089c00000, 0x0000000089d00000|  0%| F|  |TAMS 0x0000000089c00000, 0x0000000089c00000| Untracked 
| 157|0x0000000089d00000, 0x0000000089d00000, 0x0000000089e00000|  0%| F|  |TAMS 0x0000000089d00000, 0x0000000089d00000| Untracked 
| 158|0x0000000089e00000, 0x0000000089e00000, 0x0000000089f00000|  0%| F|  |TAMS 0x0000000089e00000, 0x0000000089e00000| Untracked 
| 159|0x0000000089f00000, 0x0000000089f00000, 0x000000008a000000|  0%| F|  |TAMS 0x0000000089f00000, 0x0000000089f00000| Untracked 
| 160|0x000000008a000000, 0x000000008a000000, 0x000000008a100000|  0%| F|  |TAMS 0x000000008a000000, 0x000000008a000000| Untracked 
| 161|0x000000008a100000, 0x000000008a100000, 0x000000008a200000|  0%| F|  |TAMS 0x000000008a100000, 0x000000008a100000| Untracked 
| 162|0x000000008a200000, 0x000000008a200000, 0x000000008a300000|  0%| F|  |TAMS 0x000000008a200000, 0x000000008a200000| Untracked 
| 163|0x000000008a300000, 0x000000008a300000, 0x000000008a400000|  0%| F|  |TAMS 0x000000008a300000, 0x000000008a300000| Untracked 
| 164|0x000000008a400000, 0x000000008a400000, 0x000000008a500000|  0%| F|  |TAMS 0x000000008a400000, 0x000000008a400000| Untracked 
| 165|0x000000008a500000, 0x000000008a500000, 0x000000008a600000|  0%| F|  |TAMS 0x000000008a500000, 0x000000008a500000| Untracked 
| 166|0x000000008a600000, 0x000000008a600000, 0x000000008a700000|  0%| F|  |TAMS 0x000000008a600000, 0x000000008a600000| Untracked 
| 167|0x000000008a700000, 0x000000008a700000, 0x000000008a800000|  0%| F|  |TAMS 0x000000008a700000, 0x000000008a700000| Untracked 
| 168|0x000000008a800000, 0x000000008a800000, 0x000000008a900000|  0%| F|  |TAMS 0x000000008a800000, 0x000000008a800000| Untracked 
| 169|0x000000008a900000, 0x000000008a900000, 0x000000008aa00000|  0%| F|  |TAMS 0x000000008a900000, 0x000000008a900000| Untracked 
| 170|0x000000008aa00000, 0x000000008aa00000, 0x000000008ab00000|  0%| F|  |TAMS 0x000000008aa00000, 0x000000008aa00000| Untracked 
| 171|0x000000008ab00000, 0x000000008ab00000, 0x000000008ac00000|  0%| F|  |TAMS 0x000000008ab00000, 0x000000008ab00000| Untracked 
| 172|0x000000008ac00000, 0x000000008ac00000, 0x000000008ad00000|  0%| F|  |TAMS 0x000000008ac00000, 0x000000008ac00000| Untracked 
| 173|0x000000008ad00000, 0x000000008ad00000, 0x000000008ae00000|  0%| F|  |TAMS 0x000000008ad00000, 0x000000008ad00000| Untracked 
| 174|0x000000008ae00000, 0x000000008ae00000, 0x000000008af00000|  0%| F|  |TAMS 0x000000008ae00000, 0x000000008ae00000| Untracked 
| 175|0x000000008af00000, 0x000000008af00000, 0x000000008b000000|  0%| F|  |TAMS 0x000000008af00000, 0x000000008af00000| Untracked 
| 176|0x000000008b000000, 0x000000008b000000, 0x000000008b100000|  0%| F|  |TAMS 0x000000008b000000, 0x000000008b000000| Untracked 
| 177|0x000000008b100000, 0x000000008b100000, 0x000000008b200000|  0%| F|  |TAMS 0x000000008b100000, 0x000000008b100000| Untracked 
| 178|0x000000008b200000, 0x000000008b200000, 0x000000008b300000|  0%| F|  |TAMS 0x000000008b200000, 0x000000008b200000| Untracked 
| 179|0x000000008b300000, 0x000000008b300000, 0x000000008b400000|  0%| F|  |TAMS 0x000000008b300000, 0x000000008b300000| Untracked 
| 180|0x000000008b400000, 0x000000008b400000, 0x000000008b500000|  0%| F|  |TAMS 0x000000008b400000, 0x000000008b400000| Untracked 
| 181|0x000000008b500000, 0x000000008b500000, 0x000000008b600000|  0%| F|  |TAMS 0x000000008b500000, 0x000000008b500000| Untracked 
| 182|0x000000008b600000, 0x000000008b600000, 0x000000008b700000|  0%| F|  |TAMS 0x000000008b600000, 0x000000008b600000| Untracked 
| 183|0x000000008b700000, 0x000000008b700000, 0x000000008b800000|  0%| F|  |TAMS 0x000000008b700000, 0x000000008b700000| Untracked 
| 184|0x000000008b800000, 0x000000008b800000, 0x000000008b900000|  0%| F|  |TAMS 0x000000008b800000, 0x000000008b800000| Untracked 
| 185|0x000000008b900000, 0x000000008b900000, 0x000000008ba00000|  0%| F|  |TAMS 0x000000008b900000, 0x000000008b900000| Untracked 
| 186|0x000000008ba00000, 0x000000008ba00000, 0x000000008bb00000|  0%| F|  |TAMS 0x000000008ba00000, 0x000000008ba00000| Untracked 
| 187|0x000000008bb00000, 0x000000008bb00000, 0x000000008bc00000|  0%| F|  |TAMS 0x000000008bb00000, 0x000000008bb00000| Untracked 
| 188|0x000000008bc00000, 0x000000008bc00000, 0x000000008bd00000|  0%| F|  |TAMS 0x000000008bc00000, 0x000000008bc00000| Untracked 
| 189|0x000000008bd00000, 0x000000008bd00000, 0x000000008be00000|  0%| F|  |TAMS 0x000000008bd00000, 0x000000008bd00000| Untracked 
| 190|0x000000008be00000, 0x000000008be00000, 0x000000008bf00000|  0%| F|  |TAMS 0x000000008be00000, 0x000000008be00000| Untracked 
| 191|0x000000008bf00000, 0x000000008bf00000, 0x000000008c000000|  0%| F|  |TAMS 0x000000008bf00000, 0x000000008bf00000| Untracked 
| 192|0x000000008c000000, 0x000000008c000000, 0x000000008c100000|  0%| F|  |TAMS 0x000000008c000000, 0x000000008c000000| Untracked 
| 193|0x000000008c100000, 0x000000008c100000, 0x000000008c200000|  0%| F|  |TAMS 0x000000008c100000, 0x000000008c100000| Untracked 
| 194|0x000000008c200000, 0x000000008c200000, 0x000000008c300000|  0%| F|  |TAMS 0x000000008c200000, 0x000000008c200000| Untracked 
| 195|0x000000008c300000, 0x000000008c300000, 0x000000008c400000|  0%| F|  |TAMS 0x000000008c300000, 0x000000008c300000| Untracked 
| 196|0x000000008c400000, 0x000000008c400000, 0x000000008c500000|  0%| F|  |TAMS 0x000000008c400000, 0x000000008c400000| Untracked 
| 197|0x000000008c500000, 0x000000008c500000, 0x000000008c600000|  0%| F|  |TAMS 0x000000008c500000, 0x000000008c500000| Untracked 
| 198|0x000000008c600000, 0x000000008c600000, 0x000000008c700000|  0%| F|  |TAMS 0x000000008c600000, 0x000000008c600000| Untracked 
| 199|0x000000008c700000, 0x000000008c700000, 0x000000008c800000|  0%| F|  |TAMS 0x000000008c700000, 0x000000008c700000| Untracked 
| 200|0x000000008c800000, 0x000000008c800000, 0x000000008c900000|  0%| F|  |TAMS 0x000000008c800000, 0x000000008c800000| Untracked 
| 201|0x000000008c900000, 0x000000008c900000, 0x000000008ca00000|  0%| F|  |TAMS 0x000000008c900000, 0x000000008c900000| Untracked 
| 202|0x000000008ca00000, 0x000000008ca00000, 0x000000008cb00000|  0%| F|  |TAMS 0x000000008ca00000, 0x000000008ca00000| Untracked 
| 203|0x000000008cb00000, 0x000000008cb00000, 0x000000008cc00000|  0%| F|  |TAMS 0x000000008cb00000, 0x000000008cb00000| Untracked 
| 204|0x000000008cc00000, 0x000000008cc00000, 0x000000008cd00000|  0%| F|  |TAMS 0x000000008cc00000, 0x000000008cc00000| Untracked 
| 205|0x000000008cd00000, 0x000000008cd00000, 0x000000008ce00000|  0%| F|  |TAMS 0x000000008cd00000, 0x000000008cd00000| Untracked 
| 206|0x000000008ce00000, 0x000000008ce00000, 0x000000008cf00000|  0%| F|  |TAMS 0x000000008ce00000, 0x000000008ce00000| Untracked 
| 207|0x000000008cf00000, 0x000000008cf00000, 0x000000008d000000|  0%| F|  |TAMS 0x000000008cf00000, 0x000000008cf00000| Untracked 
| 208|0x000000008d000000, 0x000000008d000000, 0x000000008d100000|  0%| F|  |TAMS 0x000000008d000000, 0x000000008d000000| Untracked 
| 209|0x000000008d100000, 0x000000008d100000, 0x000000008d200000|  0%| F|  |TAMS 0x000000008d100000, 0x000000008d100000| Untracked 
| 210|0x000000008d200000, 0x000000008d200000, 0x000000008d300000|  0%| F|  |TAMS 0x000000008d200000, 0x000000008d200000| Untracked 
| 211|0x000000008d300000, 0x000000008d300000, 0x000000008d400000|  0%| F|  |TAMS 0x000000008d300000, 0x000000008d300000| Untracked 
| 212|0x000000008d400000, 0x000000008d400000, 0x000000008d500000|  0%| F|  |TAMS 0x000000008d400000, 0x000000008d400000| Untracked 
| 213|0x000000008d500000, 0x000000008d500000, 0x000000008d600000|  0%| F|  |TAMS 0x000000008d500000, 0x000000008d500000| Untracked 
| 214|0x000000008d600000, 0x000000008d600000, 0x000000008d700000|  0%| F|  |TAMS 0x000000008d600000, 0x000000008d600000| Untracked 
| 215|0x000000008d700000, 0x000000008d700000, 0x000000008d800000|  0%| F|  |TAMS 0x000000008d700000, 0x000000008d700000| Untracked 
| 216|0x000000008d800000, 0x000000008d800000, 0x000000008d900000|  0%| F|  |TAMS 0x000000008d800000, 0x000000008d800000| Untracked 
| 217|0x000000008d900000, 0x000000008d900000, 0x000000008da00000|  0%| F|  |TAMS 0x000000008d900000, 0x000000008d900000| Untracked 
| 218|0x000000008da00000, 0x000000008da00000, 0x000000008db00000|  0%| F|  |TAMS 0x000000008da00000, 0x000000008da00000| Untracked 
| 219|0x000000008db00000, 0x000000008db00000, 0x000000008dc00000|  0%| F|  |TAMS 0x000000008db00000, 0x000000008db00000| Untracked 
| 220|0x000000008dc00000, 0x000000008dc00000, 0x000000008dd00000|  0%| F|  |TAMS 0x000000008dc00000, 0x000000008dc00000| Untracked 
| 221|0x000000008dd00000, 0x000000008dd00000, 0x000000008de00000|  0%| F|  |TAMS 0x000000008dd00000, 0x000000008dd00000| Untracked 
| 222|0x000000008de00000, 0x000000008de00000, 0x000000008df00000|  0%| F|  |TAMS 0x000000008de00000, 0x000000008de00000| Untracked 
| 223|0x000000008df00000, 0x000000008df00000, 0x000000008e000000|  0%| F|  |TAMS 0x000000008df00000, 0x000000008df00000| Untracked 
| 224|0x000000008e000000, 0x000000008e000000, 0x000000008e100000|  0%| F|  |TAMS 0x000000008e000000, 0x000000008e000000| Untracked 
| 225|0x000000008e100000, 0x000000008e100000, 0x000000008e200000|  0%| F|  |TAMS 0x000000008e100000, 0x000000008e100000| Untracked 
| 226|0x000000008e200000, 0x000000008e200000, 0x000000008e300000|  0%| F|  |TAMS 0x000000008e200000, 0x000000008e200000| Untracked 
| 227|0x000000008e300000, 0x000000008e300000, 0x000000008e400000|  0%| F|  |TAMS 0x000000008e300000, 0x000000008e300000| Untracked 
| 228|0x000000008e400000, 0x000000008e400000, 0x000000008e500000|  0%| F|  |TAMS 0x000000008e400000, 0x000000008e400000| Untracked 
| 229|0x000000008e500000, 0x000000008e500000, 0x000000008e600000|  0%| F|  |TAMS 0x000000008e500000, 0x000000008e500000| Untracked 
| 230|0x000000008e600000, 0x000000008e600000, 0x000000008e700000|  0%| F|  |TAMS 0x000000008e600000, 0x000000008e600000| Untracked 
| 231|0x000000008e700000, 0x000000008e700000, 0x000000008e800000|  0%| F|  |TAMS 0x000000008e700000, 0x000000008e700000| Untracked 
| 232|0x000000008e800000, 0x000000008e800000, 0x000000008e900000|  0%| F|  |TAMS 0x000000008e800000, 0x000000008e800000| Untracked 
| 233|0x000000008e900000, 0x000000008e900000, 0x000000008ea00000|  0%| F|  |TAMS 0x000000008e900000, 0x000000008e900000| Untracked 
| 234|0x000000008ea00000, 0x000000008ea00000, 0x000000008eb00000|  0%| F|  |TAMS 0x000000008ea00000, 0x000000008ea00000| Untracked 
| 235|0x000000008eb00000, 0x000000008eb00000, 0x000000008ec00000|  0%| F|  |TAMS 0x000000008eb00000, 0x000000008eb00000| Untracked 
| 236|0x000000008ec00000, 0x000000008ec00000, 0x000000008ed00000|  0%| F|  |TAMS 0x000000008ec00000, 0x000000008ec00000| Untracked 
| 237|0x000000008ed00000, 0x000000008ed00000, 0x000000008ee00000|  0%| F|  |TAMS 0x000000008ed00000, 0x000000008ed00000| Untracked 
| 238|0x000000008ee00000, 0x000000008eeb5d40, 0x000000008ef00000| 71%| S|  |TAMS 0x000000008ee00000, 0x000000008ee00000| Complete 
| 239|0x000000008ef00000, 0x000000008f000000, 0x000000008f000000|100%| S|  |TAMS 0x000000008ef00000, 0x000000008ef00000| Complete 
| 240|0x000000008f000000, 0x000000008f07a8c8, 0x000000008f100000| 47%| E|CS|TAMS 0x000000008f000000, 0x000000008f07a8c8| Complete 
| 241|0x000000008f100000, 0x000000008f200000, 0x000000008f200000|100%| E|CS|TAMS 0x000000008f100000, 0x000000008f200000| Complete 
| 242|0x000000008f200000, 0x000000008f300000, 0x000000008f300000|100%| E|CS|TAMS 0x000000008f200000, 0x000000008f300000| Complete 
| 243|0x000000008f300000, 0x000000008f400000, 0x000000008f400000|100%| E|CS|TAMS 0x000000008f300000, 0x000000008f400000| Complete 
| 244|0x000000008f400000, 0x000000008f500000, 0x000000008f500000|100%| E|CS|TAMS 0x000000008f400000, 0x000000008f500000| Complete 
| 245|0x000000008f500000, 0x000000008f600000, 0x000000008f600000|100%| E|CS|TAMS 0x000000008f500000, 0x000000008f600000| Complete 
| 246|0x000000008f600000, 0x000000008f700000, 0x000000008f700000|100%| E|CS|TAMS 0x000000008f600000, 0x000000008f700000| Complete 
| 247|0x000000008f700000, 0x000000008f800000, 0x000000008f800000|100%| E|CS|TAMS 0x000000008f700000, 0x000000008f800000| Complete 
| 248|0x000000008f800000, 0x000000008f900000, 0x000000008f900000|100%| E|CS|TAMS 0x000000008f800000, 0x000000008f900000| Complete 
| 249|0x000000008f900000, 0x000000008fa00000, 0x000000008fa00000|100%| E|CS|TAMS 0x000000008f900000, 0x000000008fa00000| Complete 
| 250|0x000000008fa00000, 0x000000008fb00000, 0x000000008fb00000|100%| E|CS|TAMS 0x000000008fa00000, 0x000000008fb00000| Complete 
| 251|0x000000008fb00000, 0x000000008fc00000, 0x000000008fc00000|100%| E|CS|TAMS 0x000000008fb00000, 0x000000008fc00000| Complete 

Card table byte_map: [0x000001f62e140000,0x000001f62e540000] _byte_map_base: 0x000001f62dd40000

Marking Bits (Prev, Next): (CMBitMap*) 0x000001f61a9e5518, (CMBitMap*) 0x000001f61a9e5550
 Prev Bits: [0x000001f62e940000, 0x000001f630940000)
 Next Bits: [0x000001f630940000, 0x000001f632940000)

Polling page: 0x000001f61a170000

Metaspace:

Usage:
  Non-class:     81.88 MB capacity,    80.40 MB ( 98%) used,     1.22 MB (  1%) free+waste,   260.50 KB ( <1%) overhead. 
      Class:     12.42 MB capacity,    11.48 MB ( 92%) used,   850.44 KB (  7%) free+waste,   120.13 KB ( <1%) overhead. 
       Both:     94.30 MB capacity,    91.88 MB ( 97%) used,     2.05 MB (  2%) free+waste,   380.63 KB ( <1%) overhead. 

Virtual space:
  Non-class space:       84.00 MB reserved,      82.08 MB ( 98%) committed 
      Class space:        1.00 GB reserved,      12.45 MB (  1%) committed 
             Both:        1.08 GB reserved,      94.53 MB (  9%) committed 

Chunk freelists:
   Non-Class:  14.00 KB
       Class:  13.00 KB
        Both:  27.00 KB

MaxMetaspaceSize: 17179869184.00 GB
CompressedClassSpaceSize: 1.00 GB
Initial GC threshold: 20.80 MB
Current GC threshold: 120.05 MB
CDS: off

CodeHeap 'non-profiled nmethods': size=119168Kb used=6599Kb max_used=6599Kb free=112568Kb
 bounds [0x000001f626050000, 0x000001f6266d0000, 0x000001f62d4b0000]
CodeHeap 'profiled nmethods': size=119168Kb used=23942Kb max_used=23942Kb free=95225Kb
 bounds [0x000001f61ebf0000, 0x000001f620360000, 0x000001f626050000]
CodeHeap 'non-nmethods': size=7424Kb used=2381Kb max_used=4109Kb free=5042Kb
 bounds [0x000001f61e4b0000, 0x000001f61e8c0000, 0x000001f61ebf0000]
 total_blobs=12026 nmethods=11119 adapters=818
 compilation: enabled
              stopped_count=0, restarted_count=0
 full_count=0

Compilation events (20 events):
Event: 506.426 Thread 0x000001f6362c6000 nmethod 11357 0x000001f62034f890 code [0x000001f62034fa40, 0x000001f62034fbc8]
Event: 506.426 Thread 0x000001f6362c6000 11358       3       com.google.common.collect.Lists::indexOfImpl (51 bytes)
Event: 506.426 Thread 0x000001f6362c6000 nmethod 11358 0x000001f62034fc90 code [0x000001f62034fec0, 0x000001f6203506f8]
Event: 506.426 Thread 0x000001f6362c6000 11360       3       org.gradle.util.internal.ConfigureUtil::configure (43 bytes)
Event: 506.427 Thread 0x000001f6362c6000 nmethod 11360 0x000001f620350910 code [0x000001f620350b80, 0x000001f620351758]
Event: 506.493 Thread 0x000001f63a02b000 nmethod 11346 0x000001f62669cc10 code [0x000001f62669d100, 0x000001f6266a1120]
Event: 506.493 Thread 0x000001f63a02b000 11340   !   4       org.gradle.internal.service.DefaultServiceRegistry$SingletonService::prepare (111 bytes)
Event: 506.496 Thread 0x000001f63a02b000 nmethod 11340 0x000001f6266a3710 code [0x000001f6266a38c0, 0x000001f6266a3e98]
Event: 506.496 Thread 0x000001f63a02b000 11338       4       java.lang.ClassValue::get (31 bytes)
Event: 506.498 Thread 0x000001f63a02b000 nmethod 11338 0x000001f6266a4010 code [0x000001f6266a41c0, 0x000001f6266a4378]
Event: 506.498 Thread 0x000001f63a02b000 11336       4       org.codehaus.groovy.reflection.CachedClass$3$$Lambda$323/0x0000000100481440::test (8 bytes)
Event: 506.518 Thread 0x000001f63a02e800 nmethod 11332 0x000001f6266a4590 code [0x000001f6266a4be0, 0x000001f6266ab648]
Event: 506.518 Thread 0x000001f63a02e800 11337       4       org.codehaus.groovy.reflection.CachedClass$3$$Lambda$324/0x0000000100481840::apply (12 bytes)
Event: 506.521 Thread 0x000001f63a02e800 nmethod 11337 0x000001f6266ae510 code [0x000001f6266ae6c0, 0x000001f6266ae938]
Event: 506.521 Thread 0x000001f63a02e800 11349       4       sun.reflect.generics.tree.ClassTypeSignature::accept (8 bytes)
Event: 506.521 Thread 0x000001f63a02e800 nmethod 11349 0x000001f6266aea90 code [0x000001f6266aec40, 0x000001f6266aed08]
Event: 506.521 Thread 0x000001f63a02e800 11334       4       java.util.stream.ReferencePipeline::map (26 bytes)
Event: 506.524 Thread 0x000001f63a02e800 nmethod 11334 0x000001f6266aee10 code [0x000001f6266aefc0, 0x000001f6266af378]
Event: 506.541 Thread 0x000001f6362c4000 nmethod 11329 0x000001f6266af510 code [0x000001f6266afbe0, 0x000001f6266b63d0]
Event: 506.581 Thread 0x000001f63a02b000 nmethod 11336 0x000001f6266ba890 code [0x000001f6266baca0, 0x000001f6266bf480]

GC Heap History (20 events):
Event: 2.578 GC heap after
{Heap after GC invocations=4 (full 0):
 garbage-first heap   total 258048K, used 17878K [0x0000000080000000, 0x0000000100000000)
  region size 1024K, 2 young (2048K), 2 survivors (2048K)
 Metaspace       used 22916K, capacity 23518K, committed 23856K, reserved 1071104K
  class space    used 2893K, capacity 3103K, committed 3200K, reserved 1048576K
}
Event: 3.505 GC heap before
{Heap before GC invocations=4 (full 0):
 garbage-first heap   total 258048K, used 114134K [0x0000000080000000, 0x0000000100000000)
  region size 1024K, 97 young (99328K), 2 survivors (2048K)
 Metaspace       used 35065K, capacity 35857K, committed 35920K, reserved 1081344K
  class space    used 4518K, capacity 4839K, committed 4864K, reserved 1048576K
}
Event: 3.512 GC heap after
{Heap after GC invocations=5 (full 0):
 garbage-first heap   total 258048K, used 21906K [0x0000000080000000, 0x0000000100000000)
  region size 1024K, 6 young (6144K), 6 survivors (6144K)
 Metaspace       used 35065K, capacity 35857K, committed 35920K, reserved 1081344K
  class space    used 4518K, capacity 4839K, committed 4864K, reserved 1048576K
}
Event: 4.311 GC heap before
{Heap before GC invocations=6 (full 0):
 garbage-first heap   total 258048K, used 146834K [0x0000000080000000, 0x0000000100000000)
  region size 1024K, 126 young (129024K), 6 survivors (6144K)
 Metaspace       used 42938K, capacity 43895K, committed 44060K, reserved 1087488K
  class space    used 5454K, capacity 5810K, committed 5836K, reserved 1048576K
}
Event: 4.333 GC heap after
{Heap after GC invocations=7 (full 0):
 garbage-first heap   total 258048K, used 30305K [0x0000000080000000, 0x0000000100000000)
  region size 1024K, 14 young (14336K), 14 survivors (14336K)
 Metaspace       used 42938K, capacity 43895K, committed 44060K, reserved 1087488K
  class space    used 5454K, capacity 5810K, committed 5836K, reserved 1048576K
}
Event: 5.292 GC heap before
{Heap before GC invocations=8 (full 0):
 garbage-first heap   total 258048K, used 170593K [0x0000000080000000, 0x0000000100000000)
  region size 1024K, 151 young (154624K), 14 survivors (14336K)
 Metaspace       used 47531K, capacity 48709K, committed 49052K, reserved 1091584K
  class space    used 5904K, capacity 6355K, committed 6476K, reserved 1048576K
}
Event: 5.302 GC heap after
{Heap after GC invocations=9 (full 0):
 garbage-first heap   total 258048K, used 37437K [0x0000000080000000, 0x0000000100000000)
  region size 1024K, 16 young (16384K), 16 survivors (16384K)
 Metaspace       used 47531K, capacity 48709K, committed 49052K, reserved 1091584K
  class space    used 5904K, capacity 6355K, committed 6476K, reserved 1048576K
}
Event: 6.613 GC heap before
{Heap before GC invocations=9 (full 0):
 garbage-first heap   total 258048K, used 175677K [0x0000000080000000, 0x0000000100000000)
  region size 1024K, 151 young (154624K), 16 survivors (16384K)
 Metaspace       used 55759K, capacity 57179K, committed 57372K, reserved 1099776K
  class space    used 6953K, capacity 7508K, committed 7628K, reserved 1048576K
}
Event: 6.620 GC heap after
{Heap after GC invocations=10 (full 0):
 garbage-first heap   total 258048K, used 42503K [0x0000000080000000, 0x0000000100000000)
  region size 1024K, 14 young (14336K), 14 survivors (14336K)
 Metaspace       used 55759K, capacity 57179K, committed 57372K, reserved 1099776K
  class space    used 6953K, capacity 7508K, committed 7628K, reserved 1048576K
}
Event: 13.062 GC heap before
{Heap before GC invocations=10 (full 0):
 garbage-first heap   total 258048K, used 197127K [0x0000000080000000, 0x0000000100000000)
  region size 1024K, 151 young (154624K), 14 survivors (14336K)
 Metaspace       used 69303K, capacity 70984K, committed 71324K, reserved 1112064K
  class space    used 8562K, capacity 9207K, committed 9292K, reserved 1048576K
}
Event: 13.073 GC heap after
{Heap after GC invocations=11 (full 0):
 garbage-first heap   total 258048K, used 69158K [0x0000000080000000, 0x0000000100000000)
  region size 1024K, 19 young (19456K), 19 survivors (19456K)
 Metaspace       used 69303K, capacity 70984K, committed 71324K, reserved 1112064K
  class space    used 8562K, capacity 9207K, committed 9292K, reserved 1048576K
}
Event: 13.342 GC heap before
{Heap before GC invocations=11 (full 0):
 garbage-first heap   total 258048K, used 99878K [0x0000000080000000, 0x0000000100000000)
  region size 1024K, 48 young (49152K), 19 survivors (19456K)
 Metaspace       used 71649K, capacity 73304K, committed 73372K, reserved 1114112K
  class space    used 8853K, capacity 9504K, committed 9548K, reserved 1048576K
}
Event: 13.359 GC heap after
{Heap after GC invocations=12 (full 0):
 garbage-first heap   total 258048K, used 69510K [0x0000000080000000, 0x0000000100000000)
  region size 1024K, 4 young (4096K), 4 survivors (4096K)
 Metaspace       used 71649K, capacity 73304K, committed 73372K, reserved 1114112K
  class space    used 8853K, capacity 9504K, committed 9548K, reserved 1048576K
}
Event: 14.231 GC heap before
{Heap before GC invocations=13 (full 0):
 garbage-first heap   total 258048K, used 185222K [0x0000000080000000, 0x0000000100000000)
  region size 1024K, 118 young (120832K), 4 survivors (4096K)
 Metaspace       used 77145K, capacity 78958K, committed 79260K, reserved 1118208K
  class space    used 9545K, capacity 10223K, committed 10316K, reserved 1048576K
}
Event: 14.235 GC heap after
{Heap after GC invocations=14 (full 0):
 garbage-first heap   total 258048K, used 73956K [0x0000000080000000, 0x0000000100000000)
  region size 1024K, 10 young (10240K), 10 survivors (10240K)
 Metaspace       used 77145K, capacity 78958K, committed 79260K, reserved 1118208K
  class space    used 9545K, capacity 10223K, committed 10316K, reserved 1048576K
}
Event: 15.180 GC heap before
{Heap before GC invocations=14 (full 0):
 garbage-first heap   total 258048K, used 189668K [0x0000000080000000, 0x0000000100000000)
  region size 1024K, 124 young (126976K), 10 survivors (10240K)
 Metaspace       used 86146K, capacity 88101K, committed 88220K, reserved 1126400K
  class space    used 10818K, capacity 11566K, committed 11596K, reserved 1048576K
}
Event: 15.186 GC heap after
{Heap after GC invocations=15 (full 0):
 garbage-first heap   total 258048K, used 83362K [0x0000000080000000, 0x0000000100000000)
  region size 1024K, 16 young (16384K), 16 survivors (16384K)
 Metaspace       used 86146K, capacity 88101K, committed 88220K, reserved 1126400K
  class space    used 10818K, capacity 11566K, committed 11596K, reserved 1048576K
}
Event: 506.329 GC heap before
{Heap before GC invocations=15 (full 0):
 garbage-first heap   total 258048K, used 223650K [0x0000000080000000, 0x0000000100000000)
  region size 1024K, 125 young (128000K), 16 survivors (16384K)
 Metaspace       used 93374K, capacity 95787K, committed 96028K, reserved 1132544K
  class space    used 11647K, capacity 12614K, committed 12748K, reserved 1048576K
}
Event: 506.336 GC heap after
{Heap after GC invocations=16 (full 0):
 garbage-first heap   total 258048K, used 123405K [0x0000000080000000, 0x0000000100000000)
  region size 1024K, 10 young (10240K), 10 survivors (10240K)
 Metaspace       used 93374K, capacity 95787K, committed 96028K, reserved 1132544K
  class space    used 11647K, capacity 12614K, committed 12748K, reserved 1048576K
}
Event: 508.027 GC heap before
{Heap before GC invocations=16 (full 0):
 garbage-first heap   total 258048K, used 134669K [0x0000000080000000, 0x0000000100000000)
  region size 1024K, 22 young (22528K), 10 survivors (10240K)
 Metaspace       used 94082K, capacity 96565K, committed 96796K, reserved 1134592K
  class space    used 11752K, capacity 12723K, committed 12748K, reserved 1048576K
}

Deoptimization events (20 events):
Event: 493.960 Thread 0x000001f63d5dc000 DEOPT PACKING pc=0x000001f6266006ac sp=0x00000011582fe770
Event: 493.960 Thread 0x000001f63d5dc000 DEOPT UNPACKING pc=0x000001f61e4fa1af sp=0x00000011582fe708 mode 2
Event: 497.679 Thread 0x000001f63d5da800 Uncommon trap: trap_request=0xffffff4d fr.pc=0x000001f6263eee1c relative=0x0000000000000d9c
Event: 497.679 Thread 0x000001f63d5da800 Uncommon trap: reason=unstable_if action=reinterpret pc=0x000001f6263eee1c method=java.util.zip.ZipFile.getInputStream(Ljava/util/zip/ZipEntry;)Ljava/io/InputStream; @ 150 c2
Event: 497.679 Thread 0x000001f63d5da800 DEOPT PACKING pc=0x000001f6263eee1c sp=0x00000011593f9f10
Event: 497.679 Thread 0x000001f63d5da800 DEOPT UNPACKING pc=0x000001f61e4fa1af sp=0x00000011593f9eb8 mode 2
Event: 497.681 Thread 0x000001f63d5da800 Uncommon trap: trap_request=0xffffff4d fr.pc=0x000001f626551d54 relative=0x0000000000000654
Event: 497.681 Thread 0x000001f63d5da800 Uncommon trap: reason=unstable_if action=reinterpret pc=0x000001f626551d54 method=java.net.URLClassLoader.getAndVerifyPackage(Ljava/lang/String;Ljava/util/jar/Manifest;Ljava/net/URL;)Ljava/lang/Package; @ 62 c2
Event: 497.681 Thread 0x000001f63d5da800 DEOPT PACKING pc=0x000001f626551d54 sp=0x00000011593f9d30
Event: 497.681 Thread 0x000001f63d5da800 DEOPT UNPACKING pc=0x000001f61e4fa1af sp=0x00000011593f9cf8 mode 2
Event: 501.236 Thread 0x000001f63d5da800 Uncommon trap: trap_request=0xffffff4d fr.pc=0x000001f6263bba20 relative=0x0000000000000520
Event: 501.236 Thread 0x000001f63d5da800 Uncommon trap: reason=unstable_if action=reinterpret pc=0x000001f6263bba20 method=org.gradle.internal.snapshot.VfsRelativePath.hasPrefix(Ljava/lang/String;Lorg/gradle/internal/snapshot/CaseSensitivity;)Z @ 90 c2
Event: 501.236 Thread 0x000001f63d5da800 DEOPT PACKING pc=0x000001f6263bba20 sp=0x00000011593f89f0
Event: 501.236 Thread 0x000001f63d5da800 DEOPT UNPACKING pc=0x000001f61e4fa1af sp=0x00000011593f8978 mode 2
Event: 501.293 Thread 0x000001f63d5da800 DEOPT PACKING pc=0x000001f61f730a3c sp=0x00000011593f9300
Event: 501.293 Thread 0x000001f63d5da800 DEOPT UNPACKING pc=0x000001f61e4fa95e sp=0x00000011593f87f8 mode 0
Event: 506.290 Thread 0x000001f63d5da800 Uncommon trap: trap_request=0xffffff4d fr.pc=0x000001f62667da70 relative=0x0000000000003030
Event: 506.290 Thread 0x000001f63d5da800 Uncommon trap: reason=unstable_if action=reinterpret pc=0x000001f62667da70 method=org.codehaus.groovy.vmplugin.v8.Java8.checkCanSetAccessible(Ljava/lang/reflect/AccessibleObject;Ljava/lang/Class;)Z @ 42 c2
Event: 506.290 Thread 0x000001f63d5da800 DEOPT PACKING pc=0x000001f62667da70 sp=0x00000011593f6660
Event: 506.290 Thread 0x000001f63d5da800 DEOPT UNPACKING pc=0x000001f61e4fa1af sp=0x00000011593f65f8 mode 2

Classes redefined (0 events):
No events

Internal exceptions (20 events):
Event: 506.359 Thread 0x000001f63d5da800 Exception <a 'java/lang/ClassNotFoundException'{0x000000008f861ac0}: org/jetbrains/plugins/gradle/tooling/builder/ScalaModelBuilderImplBeanInfo> (0x000000008f861ac0) thrown at [./src/hotspot/share/classfile/systemDictionary.cpp, line 231]
Event: 506.359 Thread 0x000001f63d5da800 Exception <a 'java/lang/ClassNotFoundException'{0x000000008f86efe8}: org/jetbrains/plugins/gradle/tooling/builder/ScalaModelBuilderImplCustomizer> (0x000000008f86efe8) thrown at [./src/hotspot/share/classfile/systemDictionary.cpp, line 231]
Event: 506.363 Thread 0x000001f63d5da800 Exception <a 'java/lang/ClassNotFoundException'{0x000000008f8dc208}: org/jetbrains/plugins/gradle/tooling/builder/ExternalProjectBuilderImpl$1BeanInfo> (0x000000008f8dc208) thrown at [./src/hotspot/share/classfile/systemDictionary.cpp, line 231]
Event: 506.363 Thread 0x000001f63d5da800 Exception <a 'java/lang/ClassNotFoundException'{0x000000008f8e9770}: org/jetbrains/plugins/gradle/tooling/builder/ExternalProjectBuilderImpl$1Customizer> (0x000000008f8e9770) thrown at [./src/hotspot/share/classfile/systemDictionary.cpp, line 231]
Event: 506.366 Thread 0x000001f63d5da800 Exception <a 'java/lang/ClassNotFoundException'{0x000000008f758ad8}: org/jetbrains/plugins/gradle/tooling/builder/ExternalProjectBuilderImplBeanInfo> (0x000000008f758ad8) thrown at [./src/hotspot/share/classfile/systemDictionary.cpp, line 231]
Event: 506.366 Thread 0x000001f63d5da800 Exception <a 'java/lang/ClassNotFoundException'{0x000000008f765ed8}: org/jetbrains/plugins/gradle/tooling/builder/ExternalProjectBuilderImplCustomizer> (0x000000008f765ed8) thrown at [./src/hotspot/share/classfile/systemDictionary.cpp, line 231]
Event: 506.368 Thread 0x000001f63d5da800 Exception <a 'java/lang/ClassNotFoundException'{0x000000008f7bedc8}: org/jetbrains/plugins/gradle/tooling/builder/DependencyGraphModelBuilderImplBeanInfo> (0x000000008f7bedc8) thrown at [./src/hotspot/share/classfile/systemDictionary.cpp, line 231]
Event: 506.368 Thread 0x000001f63d5da800 Exception <a 'java/lang/ClassNotFoundException'{0x000000008f7cc3b0}: org/jetbrains/plugins/gradle/tooling/builder/DependencyGraphModelBuilderImplCustomizer> (0x000000008f7cc3b0) thrown at [./src/hotspot/share/classfile/systemDictionary.cpp, line 231]
Event: 506.370 Thread 0x000001f63d5da800 Exception <a 'java/lang/ClassNotFoundException'{0x000000008f619e68}: org/jetbrains/plugins/gradle/tooling/builder/ExternalTestsModelBuilderImplBeanInfo> (0x000000008f619e68) thrown at [./src/hotspot/share/classfile/systemDictionary.cpp, line 231]
Event: 506.370 Thread 0x000001f63d5da800 Exception <a 'java/lang/ClassNotFoundException'{0x000000008f6273d8}: org/jetbrains/plugins/gradle/tooling/builder/ExternalTestsModelBuilderImplCustomizer> (0x000000008f6273d8) thrown at [./src/hotspot/share/classfile/systemDictionary.cpp, line 231]
Event: 506.379 Thread 0x000001f63d5da800 Exception <a 'java/lang/ClassNotFoundException'{0x000000008f5aa4b8}: org/jetbrains/plugins/gradle/tooling/builder/ProjectExtensionsDataBuilderImplBeanInfo> (0x000000008f5aa4b8) thrown at [./src/hotspot/share/classfile/systemDictionary.cpp, line 231]
Event: 506.380 Thread 0x000001f63d5da800 Exception <a 'java/lang/ClassNotFoundException'{0x000000008f5b7ac0}: org/jetbrains/plugins/gradle/tooling/builder/ProjectExtensionsDataBuilderImplCustomizer> (0x000000008f5b7ac0) thrown at [./src/hotspot/share/classfile/systemDictionary.cpp, line 231]
Event: 506.381 Thread 0x000001f63d5da800 Exception <a 'java/lang/ClassNotFoundException'{0x000000008f5efe00}: org/jetbrains/plugins/gradle/tooling/builder/IntelliJSettingsBuilderBeanInfo> (0x000000008f5efe00) thrown at [./src/hotspot/share/classfile/systemDictionary.cpp, line 231]
Event: 506.381 Thread 0x000001f63d5da800 Exception <a 'java/lang/ClassNotFoundException'{0x000000008f5fd158}: org/jetbrains/plugins/gradle/tooling/builder/IntelliJSettingsBuilderCustomizer> (0x000000008f5fd158) thrown at [./src/hotspot/share/classfile/systemDictionary.cpp, line 231]
Event: 506.382 Thread 0x000001f63d5da800 Exception <a 'java/lang/ClassNotFoundException'{0x000000008f435bb8}: org/jetbrains/plugins/gradle/tooling/builder/IntelliJProjectSettingsBuilderBeanInfo> (0x000000008f435bb8) thrown at [./src/hotspot/share/classfile/systemDictionary.cpp, line 231]
Event: 506.382 Thread 0x000001f63d5da800 Exception <a 'java/lang/ClassNotFoundException'{0x000000008f443148}: org/jetbrains/plugins/gradle/tooling/builder/IntelliJProjectSettingsBuilderCustomizer> (0x000000008f443148) thrown at [./src/hotspot/share/classfile/systemDictionary.cpp, line 231]
Event: 506.414 Thread 0x000001f63d5da800 Exception <a 'java/lang/ClassNotFoundException'{0x000000008f137990}: org/jetbrains/plugins/gradle/model/web/WebConfigurationBeanInfo> (0x000000008f137990) thrown at [./src/hotspot/share/classfile/systemDictionary.cpp, line 231]
Event: 506.414 Thread 0x000001f63d5da800 Exception <a 'java/lang/ClassNotFoundException'{0x000000008f147ca0}: org/jetbrains/plugins/gradle/model/web/WebConfigurationCustomizer> (0x000000008f147ca0) thrown at [./src/hotspot/share/classfile/systemDictionary.cpp, line 231]
Event: 506.415 Thread 0x000001f63d5da800 Exception <a 'java/lang/ClassNotFoundException'{0x000000008f179500}: org/jetbrains/plugins/gradle/model/scala/ScalaModelBeanInfo> (0x000000008f179500) thrown at [./src/hotspot/share/classfile/systemDictionary.cpp, line 231]
Event: 506.415 Thread 0x000001f63d5da800 Exception <a 'java/lang/ClassNotFoundException'{0x000000008f189668}: org/jetbrains/plugins/gradle/model/scala/ScalaModelCustomizer> (0x000000008f189668) thrown at [./src/hotspot/share/classfile/systemDictionary.cpp, line 231]

Events (20 events):
Event: 506.416 loading class org/jetbrains/plugins/gradle/model/GradleExtensions
Event: 506.416 loading class org/jetbrains/plugins/gradle/model/GradleExtensions done
Event: 506.417 loading class org/jetbrains/plugins/gradle/model/IntelliJSettings
Event: 506.417 loading class org/jetbrains/plugins/gradle/model/IntelliJSettings done
Event: 506.417 loading class org/jetbrains/plugins/gradle/model/IntelliJProjectSettings
Event: 506.417 loading class org/jetbrains/plugins/gradle/model/IntelliJProjectSettings done
Event: 506.417 loading class org/gradle/api/internal/GradleInternal
Event: 506.417 loading class org/gradle/api/internal/GradleInternal done
Event: 506.417 loading class org/gradle/api/internal/GradleInternal
Event: 506.417 loading class org/gradle/api/internal/GradleInternal done
Event: 506.417 loading class org/gradle/internal/build/DefaultBuildLifecycleController
Event: 506.417 loading class org/gradle/internal/build/DefaultBuildLifecycleController done
Event: 506.418 Thread 0x000001f63d5eb800 Thread added: 0x000001f63d5eb800
Event: 506.423 Executing VM operation: RevokeBias
Event: 506.423 Executing VM operation: RevokeBias done
Event: 506.423 Executing VM operation: RevokeBias
Event: 506.423 Executing VM operation: RevokeBias done
Event: 506.426 loading class com/android/ide/gradle/model/builder/AndroidStudioToolingPlugin
Event: 506.426 loading class com/android/ide/gradle/model/builder/AndroidStudioToolingPlugin done
Event: 508.027 Executing VM operation: G1CollectForAllocation


Dynamic libraries:
0x00007ff7fc370000 - 0x00007ff7fc37a000 	C:\Program Files\Android\Android Studio\jre\bin\java.exe
0x00007ff987070000 - 0x00007ff987284000 	C:\WINDOWS\SYSTEM32\ntdll.dll
0x00007ff985fd0000 - 0x00007ff986092000 	C:\WINDOWS\System32\KERNEL32.dll
0x00007ff984020000 - 0x00007ff984121000 	C:\Windows\system32\hmpalert.dll
0x00007ff984ad0000 - 0x00007ff984e6d000 	C:\WINDOWS\System32\KERNELBASE.dll
0x00007ff984890000 - 0x00007ff9849a1000 	C:\WINDOWS\System32\ucrtbase.dll
0x00007ff97b3a0000 - 0x00007ff97b3b9000 	C:\Program Files\Android\Android Studio\jre\bin\jli.dll
0x00007ff986d20000 - 0x00007ff986eca000 	C:\WINDOWS\System32\USER32.dll
0x00007ff984a30000 - 0x00007ff984a56000 	C:\WINDOWS\System32\win32u.dll
0x00007ff986160000 - 0x00007ff986189000 	C:\WINDOWS\System32\GDI32.dll
0x00007ff984600000 - 0x00007ff984712000 	C:\WINDOWS\System32\gdi32full.dll
0x00007ff984560000 - 0x00007ff9845fa000 	C:\WINDOWS\System32\msvcp_win.dll
0x00007ff96dd90000 - 0x00007ff96dda7000 	C:\Program Files\Android\Android Studio\jre\bin\VCRUNTIME140.dll
0x00007ff9666b0000 - 0x00007ff96693e000 	C:\WINDOWS\WinSxS\amd64_microsoft.windows.common-controls_6595b64144ccf1df_6.0.22621.608_none_a9444ca7c10bb01d\COMCTL32.dll
0x00007ff9860a0000 - 0x00007ff986147000 	C:\WINDOWS\System32\msvcrt.dll
0x00007ff986ed0000 - 0x00007ff986f02000 	C:\WINDOWS\System32\IMM32.DLL
0x00007ff95adc0000 - 0x00007ff95ae5d000 	C:\Program Files\Android\Android Studio\jre\bin\msvcp140.dll
0x00007ff91fca0000 - 0x00007ff9207a2000 	C:\Program Files\Android\Android Studio\jre\bin\server\jvm.dll
0x00007ff9866f0000 - 0x00007ff98679e000 	C:\WINDOWS\System32\ADVAPI32.dll
0x00007ff9856c0000 - 0x00007ff985764000 	C:\WINDOWS\System32\sechost.dll
0x00007ff9853a0000 - 0x00007ff9854b5000 	C:\WINDOWS\System32\RPCRT4.dll
0x00007ff9869b0000 - 0x00007ff9869b8000 	C:\WINDOWS\System32\PSAPI.DLL
0x00007ff97d5a0000 - 0x00007ff97d5d4000 	C:\WINDOWS\SYSTEM32\WINMM.dll
0x00007ff96b030000 - 0x00007ff96b039000 	C:\WINDOWS\SYSTEM32\WSOCK32.dll
0x00007ff97de50000 - 0x00007ff97de5a000 	C:\WINDOWS\SYSTEM32\VERSION.dll
0x00007ff986610000 - 0x00007ff986681000 	C:\WINDOWS\System32\WS2_32.dll
0x00007ff9833c0000 - 0x00007ff9833d8000 	C:\WINDOWS\SYSTEM32\kernel.appcore.dll
0x00007ff97b330000 - 0x00007ff97b341000 	C:\Program Files\Android\Android Studio\jre\bin\verify.dll
0x00007ff981d00000 - 0x00007ff981f2e000 	C:\WINDOWS\SYSTEM32\DBGHELP.DLL
0x00007ff985010000 - 0x00007ff98539a000 	C:\WINDOWS\System32\combase.dll
0x00007ff985510000 - 0x00007ff9855e7000 	C:\WINDOWS\System32\OLEAUT32.dll
0x00007ff96a3d0000 - 0x00007ff96a402000 	C:\WINDOWS\SYSTEM32\dbgcore.DLL
0x00007ff9849b0000 - 0x00007ff984a2b000 	C:\WINDOWS\System32\bcryptPrimitives.dll
0x00007ff96a8a0000 - 0x00007ff96a8c9000 	C:\Program Files\Android\Android Studio\jre\bin\java.dll
0x00007ff9803d0000 - 0x00007ff9803db000 	C:\Program Files\Android\Android Studio\jre\bin\jimage.dll
0x00007ff96c750000 - 0x00007ff96c768000 	C:\Program Files\Android\Android Studio\jre\bin\zip.dll
0x00007ff9857f0000 - 0x00007ff985fd0000 	C:\WINDOWS\System32\SHELL32.dll
0x00007ff982380000 - 0x00007ff982c45000 	C:\WINDOWS\SYSTEM32\windows.storage.dll
0x00007ff982240000 - 0x00007ff98237e000 	C:\WINDOWS\SYSTEM32\wintypes.dll
0x00007ff986f10000 - 0x00007ff987001000 	C:\WINDOWS\System32\SHCORE.dll
0x00007ff986850000 - 0x00007ff9868ae000 	C:\WINDOWS\System32\shlwapi.dll
0x00007ff9843d0000 - 0x00007ff9843f1000 	C:\WINDOWS\SYSTEM32\profapi.dll
0x00007ff96b970000 - 0x00007ff96b98a000 	C:\Program Files\Android\Android Studio\jre\bin\net.dll
0x00007ff97d3a0000 - 0x00007ff97d4cf000 	C:\WINDOWS\SYSTEM32\WINHTTP.dll
0x00007ff983880000 - 0x00007ff9838e9000 	C:\WINDOWS\system32\mswsock.dll
0x00007ff966fc0000 - 0x00007ff966fd4000 	C:\Program Files\Android\Android Studio\jre\bin\nio.dll
0x00007ff961af0000 - 0x00007ff961b17000 	C:\Users\luisf\.gradle\native\e1d6ef7f7dcc3fd88c89a11ec53ec762bb8ba0a96d01ffa2cd45eb1d1d8dd5c5\windows-amd64\native-platform.dll
0x00007ff959040000 - 0x00007ff959184000 	C:\Users\luisf\.gradle\native\0d407fdbe67a94daf76414ababcb853783967236a71b16ec16e742cd7a986fd3\windows-amd64\native-platform-file-events.dll
0x00007ff96fb20000 - 0x00007ff96fb2a000 	C:\Program Files\Android\Android Studio\jre\bin\management.dll
0x00007ff96f7d0000 - 0x00007ff96f7dd000 	C:\Program Files\Android\Android Studio\jre\bin\management_ext.dll
0x00007ff983c10000 - 0x00007ff983c2b000 	C:\WINDOWS\SYSTEM32\CRYPTSP.dll
0x00007ff983330000 - 0x00007ff983365000 	C:\WINDOWS\system32\rsaenh.dll
0x00007ff983930000 - 0x00007ff983958000 	C:\WINDOWS\SYSTEM32\USERENV.dll
0x00007ff983d30000 - 0x00007ff983d58000 	C:\WINDOWS\SYSTEM32\bcrypt.dll
0x00007ff983bf0000 - 0x00007ff983bfc000 	C:\WINDOWS\SYSTEM32\CRYPTBASE.dll
0x00007ff982ea0000 - 0x00007ff982ecd000 	C:\WINDOWS\SYSTEM32\IPHLPAPI.DLL
0x00007ff986150000 - 0x00007ff986159000 	C:\WINDOWS\System32\NSI.dll
0x00007ff97d2c0000 - 0x00007ff97d2d9000 	C:\WINDOWS\SYSTEM32\dhcpcsvc6.DLL
0x00007ff97d2a0000 - 0x00007ff97d2bf000 	C:\WINDOWS\SYSTEM32\dhcpcsvc.DLL
0x00007ff982f10000 - 0x00007ff983002000 	C:\WINDOWS\SYSTEM32\DNSAPI.dll
0x00007ff959fb0000 - 0x00007ff959fd7000 	C:\Program Files\Android\Android Studio\jre\bin\sunec.dll

dbghelp: loaded successfully - version: 4.0.5 - missing functions: none
symbol engine: initialized successfully - sym options: 0x614 - pdb path: .;C:\Program Files\Android\Android Studio\jre\bin;C:\WINDOWS\SYSTEM32;C:\WINDOWS\WinSxS\amd64_microsoft.windows.common-controls_6595b64144ccf1df_6.0.22621.608_none_a9444ca7c10bb01d;C:\Program Files\Android\Android Studio\jre\bin\server;C:\Users\luisf\.gradle\native\e1d6ef7f7dcc3fd88c89a11ec53ec762bb8ba0a96d01ffa2cd45eb1d1d8dd5c5\windows-amd64;C:\Users\luisf\.gradle\native\0d407fdbe67a94daf76414ababcb853783967236a71b16ec16e742cd7a986fd3\windows-amd64

VM Arguments:
jvm_args: --add-opens=java.base/java.util=ALL-UNNAMED --add-opens=java.base/java.lang=ALL-UNNAMED --add-opens=java.base/java.lang.invoke=ALL-UNNAMED --add-opens=java.base/java.util=ALL-UNNAMED --add-opens=java.prefs/java.util.prefs=ALL-UNNAMED --add-opens=java.prefs/java.util.prefs=ALL-UNNAMED --add-opens=java.base/java.nio.charset=ALL-UNNAMED --add-opens=java.base/java.net=ALL-UNNAMED --add-opens=java.base/java.util.concurrent.atomic=ALL-UNNAMED -Xmx2048m -Dfile.encoding=UTF-8 -Duser.country=BR -Duser.language=pt -Duser.variant 
java_command: org.gradle.launcher.daemon.bootstrap.GradleDaemon 7.4
java_class_path (initial): C:\Users\luisf\.gradle\wrapper\dists\gradle-7.4-bin\c0gwcg53nkjbqw7r0h0umtfvt\gradle-7.4\lib\gradle-launcher-7.4.jar
Launcher Type: SUN_STANDARD

[Global flags]
     intx CICompilerCount                          = 12                                        {product} {ergonomic}
     uint ConcGCThreads                            = 3                                         {product} {ergonomic}
     uint G1ConcRefinementThreads                  = 13                                        {product} {ergonomic}
   size_t G1HeapRegionSize                         = 1048576                                   {product} {ergonomic}
    uintx GCDrainStackTargetSize                   = 64                                        {product} {ergonomic}
   size_t InitialHeapSize                          = 264241152                                 {product} {ergonomic}
   size_t MarkStackSize                            = 4194304                                   {product} {ergonomic}
   size_t MaxHeapSize                              = 2147483648                                {product} {command line}
   size_t MaxNewSize                               = 1287651328                                {product} {ergonomic}
   size_t MinHeapDeltaBytes                        = 1048576                                   {product} {ergonomic}
    uintx NonNMethodCodeHeapSize                   = 7594288                                {pd product} {ergonomic}
    uintx NonProfiledCodeHeapSize                  = 122031976                              {pd product} {ergonomic}
    uintx ProfiledCodeHeapSize                     = 122031976                              {pd product} {ergonomic}
    uintx ReservedCodeCacheSize                    = 251658240                              {pd product} {ergonomic}
     bool SegmentedCodeCache                       = true                                      {product} {ergonomic}
     bool UseCompressedClassPointers               = true                                 {lp64_product} {ergonomic}
     bool UseCompressedOops                        = true                                 {lp64_product} {ergonomic}
     bool UseG1GC                                  = true                                      {product} {ergonomic}
     bool UseLargePagesIndividualAllocation        = false                                  {pd product} {ergonomic}

Logging:
Log output configuration:
 #0: stdout all=warning uptime,level,tags
 #1: stderr all=off uptime,level,tags

Environment Variables:
JAVA_HOME=C:\Program Files\Android\Jdk\microsoft_dist_openjdk_1.8.0.25
PATH=C:\Program Files (x86)\Embarcadero\Studio\21.0\bin;C:\Users\Public\Documents\Embarcadero\Studio\21.0\Bpl;C:\Program Files (x86)\Embarcadero\Studio\21.0\bin64;C:\Users\Public\Documents\Embarcadero\Studio\21.0\Bpl\Win64;C:\PROGRA~2\Borland\CBUILD~1\Bin;C:\PROGRA~2\Borland\CBUILD~1\Projects\Bpl;C:\Program Files (x86)\Embarcadero\Studio\20.0\bin;C:\Users\Public\Documents\Embarcadero\Studio\20.0\Bpl;C:\Program Files (x86)\Embarcadero\Studio\20.0\bin64;C:\Users\Public\Documents\Embarcadero\Studio\20.0\Bpl\Win64;C:\Windows\system32;C:\Windows;C:\Windows\System32\Wbem;C:\Windows\System32\WindowsPowerShell\v1.0\;C:\Windows\System32\OpenSSH\;C:\Program Files (x86)\NVIDIA Corporation\PhysX\Common;C:\Program Files\NVIDIA Corporation\NVIDIA NvDLISR;C:\Program Files (x86)\Firebird\Firebird_2_1\bin;C:\Program Files (x86)\Windows Kits\10\Windows Performance Toolkit\;C:\Program Files\Azure Data Studio\bin;C:\Program Files\MongoDB\Server\5.0\bin;C:\Program Files\WinMerge;C:\Program Files\dotnet\;C:\Program Files\Docker\Docker\resources\bin;C:\ProgramData\DockerDesktop\version-bin;C:\WINDOWS\system32;C:\WINDOWS;C:\WINDOWS\System32\Wbem;C:\WINDOWS\System32\WindowsPowerShell\v1.0\;C:\WINDOWS\System32\OpenSSH\;C:\Users\luisf\AppData\Local\Microsoft\WindowsApps;;C:\Users\luisf\AppData\Local\Programs\Microsoft VS Code\bin;C:\Program Files\Azure Data Studio\bin;C:\Users\luisf\.dotnet\tools;C:\Program Files (x86)\Sophos\Sophos SSL VPN Client\bin
USERNAME=luisf
OS=Windows_NT
PROCESSOR_IDENTIFIER=Intel64 Family 6 Model 165 Stepping 5, GenuineIntel



---------------  S Y S T E M  ---------------

OS: Windows 11 , 64 bit Build 22621 (10.0.22621.755)
OS uptime: 10 days 4:35 hours
Hyper-V role detected

CPU:total 16 (initial active 16) (8 cores per cpu, 2 threads per core) family 6 model 165 stepping 5 microcode 0xf0, cmov, cx8, fxsr, mmx, sse, sse2, sse3, ssse3, sse4.1, sse4.2, popcnt, avx, avx2, aes, clmul, erms, 3dnowpref, lzcnt, ht, tsc, tscinvbit, bmi1, bmi2, adx, fma

Memory: 4k page, system-wide physical 16046M (696M free)
TotalPageFile size 33476M (AvailPageFile size 4102M)
current process WorkingSet (physical memory assigned to process): 502M, peak: 518M
current process commit charge ("private bytes"): 566M, peak: 584M

vm_info: OpenJDK 64-Bit Server VM (11.0.13+0-b1751.21-8125866) for windows-amd64 JRE (11.0.13+0-b1751.21-8125866), built on Feb  2 2022 03:00:22 by "builder" with MS VC++ 14.0 (VS2015)

END.
